#
# A fatal error has been detected by the Java Runtime Environment:
#
#  SIGSEGV (0xb) at pc=0x00007f6c3c60e7fa, pid=2766, tid=0x00007f6bfcbee700
#
# JRE version: OpenJDK Runtime Environment (8.0_202-b39) (build 1.8.0_202-release-1483-b39)
# Java VM: OpenJDK 64-Bit Server VM (25.202-b39 mixed mode linux-amd64 compressed oops)
# Problematic frame:
# v  ~BufferBlob::jni_fast_GetLongField
#
# Failed to write core dump. Core dumps have been disabled. To enable core dumping, try "ulimit -c unlimited" before starting Java again
#
# If you would like to submit a bug report, please visit:
#   http://bugreport.java.com/bugreport/crash.jsp
# The crash happened outside the Java Virtual Machine in native code.
# See problematic frame for where to report the bug.
#

---------------  T H R E A D  ---------------

Current thread (0x00007f6c04a53000):  JavaThread "AWT-XAWT" daemon [_thread_in_native, id=2782, stack(0x00007f6bfcaee000,0x00007f6bfcbef000)]

siginfo: si_signo: 11 (SIGSEGV), si_code: 1 (SEGV_MAPERR), si_addr: 0x0000000000000000

Registers:
RAX=0x00007f6c51991800, RBX=0x00007f6c04a531e0, RCX=0x00007f6c523e82c0, RDX=0x0000000000000042
RSP=0x00007f6bfcbed828, RBP=0x00007f6bfcbed850, RSI=0x0000000000000000, RDI=0x00007f6c04a531e0
R8 =0x00000000db9b6310, R9 =0x0000000000000000, R10=0x0000000000000ee6, R11=0x00007f6c3e54e758
R12=0x00007f6c3934aac0, R13=0x0000000000000000, R14=0x00007f6c1e15c8c0, R15=0x00007f6c04a53000
RIP=0x00007f6c3c60e7fa, EFLAGS=0x0000000000010246, CSGSFS=0x002b000000000033, ERR=0x0000000000000004
  TRAPNO=0x000000000000000e

Top of Stack: (sp=0x00007f6bfcbed828)
0x00007f6bfcbed828:   00007f6c1df31a01 00007f6c1e5cba30
0x00007f6bfcbed838:   00007f6c3934aac0 00007f6bfcbed900
0x00007f6bfcbed848:   00007f6bfcbed8d0 0000000000000000
0x00007f6bfcbed858:   00007f6c1d9fc420 00007f6c1e5cba30
0x00007f6bfcbed868:   00007f6bfcbed890 0000000000000000
0x00007f6bfcbed878:   00007f6c1d9f3ff3 00007f6bfcbed900
0x00007f6bfcbed888:   00007f6c1df2ad2f 00007f6bfcbed8e0
0x00007f6bfcbed898:   00007f6c3e54e7f6 0000000000000000
0x00007f6bfcbed8a8:   00007f6c3d2427f6 00007f6bfcbed900
0x00007f6bfcbed8b8:   00007f6c3c71042c 00000000d33877c0
0x00007f6bfcbed8c8:   00000000db8b09a0 00000000dbc89c48
0x00007f6bfcbed8d8:   00000000dbca0b78 00007f6bfcbed960
0x00007f6bfcbed8e8:   00007f6c3c5ac7d0 00007f6bfcbed960
0x00007f6bfcbed8f8:   00007f6c3c5ac7d0 0000000000000000
0x00007f6bfcbed908:   00007f6c3c5acb10 0000000002096220
0x00007f6bfcbed918:   00000000db8b09a0 00007f6bfcbed920
0x00007f6bfcbed928:   00007f6c1e57bdbc 00007f6bfcbed9a8
0x00007f6bfcbed938:   00007f6c1e594850 0000000000000000
0x00007f6bfcbed948:   00007f6c1e57bef8 00007f6bfcbed900
0x00007f6bfcbed958:   00007f6bfcbed9a0 00007f6bfcbed9f0
0x00007f6bfcbed968:   00007f6c3c5acffd 0000000000000000
0x00007f6bfcbed978:   00000000dba55ed0 0000000000000000
0x00007f6bfcbed988:   0000000000000000 0000000000000000
0x00007f6bfcbed998:   00000000db8b09a0 0000000000000000
0x00007f6bfcbed9a8:   00000000db8a9d90 00007f6bfcbed9b0
0x00007f6bfcbed9b8:   00007f6c1e57bbfd 00007f6bfcbeda00
0x00007f6bfcbed9c8:   00007f6c1e594850 0000000000000000
0x00007f6bfcbed9d8:   00007f6c1e57bc08 00007f6bfcbed9a0
0x00007f6bfcbed9e8:   00007f6bfcbeda00 00007f6bfcbeda48
0x00007f6bfcbed9f8:   00007f6c3c5ad042 00000000db8a9d90
0x00007f6bfcbeda08:   00007f6bfcbeda08 00007f6c3476e6cb
0x00007f6bfcbeda18:   00007f6bfcbeda58 00007f6c347f63e8 

Instructions: (pc=0x00007f6c3c60e7fa)
0x00007f6c3c60e7da:   00 00 00 00 00 00 44 8b 15 41 fd 3a 15 4c 8b ce
0x00007f6c3c60e7ea:   41 f6 c2 01 0f 85 2e 00 00 00 4d 33 ca 4d 33 ca
0x00007f6c3c60e7fa:   4d 8b 09 4c 8b da 49 c1 eb 02 4b 8b 04 19 49 bb
0x00007f6c3c60e80a:   28 e5 9b 51 6c 7f 00 00 4c 33 d8 4c 33 d8 45 3b 

Register to memory mapping:

RAX=0x00007f6c51991800: <offset 0xf06800> in /snap/goland/50/jre64/lib/amd64/server/libjvm.so at 0x00007f6c50a8b000
RBX=0x00007f6c04a531e0 is an unknown value
RCX=0x00007f6c523e82c0: <offset 0x2182c0> in /lib/x86_64-linux-gnu/libpthread.so.0 at 0x00007f6c521d0000
RDX=0x0000000000000042 is an unknown value
RSP=0x00007f6bfcbed828 is pointing into the stack for thread: 0x00007f6c04a53000
RBP=0x00007f6bfcbed850 is pointing into the stack for thread: 0x00007f6c04a53000
RSI=0x0000000000000000 is an unknown value
RDI=0x00007f6c04a531e0 is an unknown value
R8 =0x00000000db9b6310 is an oop
java.util.TreeMap 
 - klass: 'java/util/TreeMap'
R9 =0x0000000000000000 is an unknown value
R10=0x0000000000000ee6 is an unknown value
R11=0x00007f6c3e54e758 is at entry_point+24 in (nmethod*)0x00007f6c3e54e5d0
R12=0x00007f6c3934aac0 is an unknown value
R13=0x0000000000000000 is an unknown value
R14=0x00007f6c1e15c8c0: <offset 0x2628c0> in /snap/goland/50/jre64/lib/amd64/libawt_xawt.so at 0x00007f6c1defa000
R15=0x00007f6c04a53000 is a thread


Stack: [0x00007f6bfcaee000,0x00007f6bfcbef000],  sp=0x00007f6bfcbed828,  free space=1022k
Native frames: (J=compiled Java code, j=interpreted, Vv=VM code, C=native code)
v  ~BufferBlob::jni_fast_GetLongField
C  [libX11.so.6+0x64420]  _XimServerDestroy+0x70

Java frames: (J=compiled Java code, j=interpreted, Vv=VM code)
J 16381  sun.awt.X11.XlibWrapper.XFilterEvent(JJ)Z (0 bytes) @ 0x00007f6c3e54e784 [0x00007f6c3e54e740+0x44]
j  sun.awt.X11.XToolkit.run(Z)V+300
j  sun.awt.X11.XToolkit.run()V+5
j  java.lang.Thread.run()V+11
v  ~StubRoutines::call_stub

---------------  P R O C E S S  ---------------

Java Threads: ( => current thread )
  0x00007f6c2c0b3800 JavaThread "ApplicationImpl pooled thread 10" daemon [_thread_blocked, id=2948, stack(0x00007f6bdaa59000,0x00007f6bdab5a000)]
  0x00007f6c180c8800 JavaThread "FUS dictionary loader" daemon [_thread_blocked, id=2898, stack(0x00007f6bdcc61000,0x00007f6bdcd62000)]
  0x00007f6c38cfb800 JavaThread "JavaFX Application Thread" [_thread_in_native, id=2824, stack(0x00007f6bdeea9000,0x00007f6bdefaa000)]
  0x00007f6c38cfd800 JavaThread "Thread-4" daemon [_thread_blocked, id=2823, stack(0x00007f6bdefaa000,0x00007f6bdf0ab000)]
  0x00007f6c38cdd800 JavaThread "QuantumRenderer-0" daemon [_thread_blocked, id=2822, stack(0x00007f6bec5a9000,0x00007f6bec6aa000)]
  0x00007f6c4c1e0800 JavaThread "ApplicationImpl pooled thread 4" [_thread_blocked, id=2818, stack(0x00007f6be90ba000,0x00007f6be91bb000)]
  0x00007f6c08173800 JavaThread "TimerQueue" daemon [_thread_blocked, id=2817, stack(0x00007f6be93bb000,0x00007f6be94bc000)]
  0x00007f6c08621800 JavaThread "Netty Builtin Server 2" [_thread_in_native, id=2816, stack(0x00007f6be96cd000,0x00007f6be97ce000)]
  0x00007f6c28016800 JavaThread "Process I/O pool 3" [_thread_blocked, id=2812, stack(0x00007f6bea32f000,0x00007f6bea430000)]
  0x00007f6c28015000 JavaThread "Process I/O pool 2" [_thread_blocked, id=2811, stack(0x00007f6bea430000,0x00007f6bea531000)]
  0x00007f6c28012800 JavaThread "fsnotifier64" [_thread_in_native, id=2810, stack(0x00007f6bea531000,0x00007f6bea632000)]
  0x00007f6c0474c800 JavaThread "AWT-EventQueue-0" [_thread_blocked, id=2806, stack(0x00007f6bebaa4000,0x00007f6bebba5000)]
  0x00007f6c04741800 JavaThread "AWT-Shutdown" [_thread_blocked, id=2805, stack(0x00007f6bebba5000,0x00007f6bebca6000)]
  0x00007f6c0496a000 JavaThread "Periodic tasks thread" daemon [_thread_blocked, id=2803, stack(0x00007f6bec1a7000,0x00007f6bec2a8000)]
  0x00007f6c04afb000 JavaThread "Timer-0" daemon [_thread_blocked, id=2802, stack(0x00007f6bec4a8000,0x00007f6bec5a9000)]
  0x00007f6c04af4800 JavaThread "MarlinRenderer Disposer" daemon [_thread_blocked, id=2801, stack(0x00007f6befb1f000,0x00007f6befc20000)]
  0x00007f6c04647800 JavaThread "Batik CleanerThread" daemon [_thread_blocked, id=2799, stack(0x00007f6bec8aa000,0x00007f6bec9ab000)]
  0x00007f6c04194000 JavaThread "Netty Builtin Server 1" [_thread_in_native, id=2794, stack(0x00007f6bfc4b5000,0x00007f6bfc5b6000)]
  0x00007f6c04025800 JavaThread "process reaper" daemon [_thread_blocked, id=2784, stack(0x00007f6c1c015000,0x00007f6c1c04e000)]
=>0x00007f6c04a53000 JavaThread "AWT-XAWT" daemon [_thread_in_native, id=2782, stack(0x00007f6bfcaee000,0x00007f6bfcbef000)]
  0x00007f6c04a51000 JavaThread "Java2D Disposer" daemon [_thread_blocked, id=2781, stack(0x00007f6c1c04e000,0x00007f6c1c14f000)]
  0x00007f6c4c00b800 JavaThread "DestroyJavaVM" [_thread_blocked, id=2767, stack(0x00007f6c524f6000,0x00007f6c525f7000)]
  0x00007f6c4c133000 JavaThread "Service Thread" daemon [_thread_blocked, id=2778, stack(0x00007f6c1f872000,0x00007f6c1f973000)]
  0x00007f6c4c116000 JavaThread "C1 CompilerThread1" daemon [_thread_blocked, id=2777, stack(0x00007f6c1f973000,0x00007f6c1fa74000)]
  0x00007f6c4c114000 JavaThread "C2 CompilerThread0" daemon [_thread_blocked, id=2776, stack(0x00007f6c1fa74000,0x00007f6c1fb75000)]
  0x00007f6c4c111800 JavaThread "Signal Dispatcher" daemon [_thread_in_vm, id=2775, stack(0x00007f6c34069000,0x00007f6c3416a000)]
  0x00007f6c4c110800 JavaThread "Surrogate Locker Thread (Concurrent GC)" daemon [_thread_blocked, id=2774, stack(0x00007f6c3416a000,0x00007f6c3426b000)]
  0x00007f6c4c0dd800 JavaThread "Finalizer" daemon [_thread_blocked, id=2773, stack(0x00007f6c3426b000,0x00007f6c3436c000)]
  0x00007f6c4c0db000 JavaThread "Reference Handler" daemon [_thread_blocked, id=2772, stack(0x00007f6c3436c000,0x00007f6c3446d000)]

Other Threads:
  0x00007f6c4c0d1800 VMThread [stack: 0x00007f6c3446d000,0x00007f6c3456e000] [id=2771]
  0x00007f6c4c136000 WatcherThread [stack: 0x00007f6c1f771000,0x00007f6c1f872000] [id=2779]

VM state:not at safepoint (normal execution)

VM Mutex/Monitor currently owned by a thread:  ([mutex/lock_event])
[0x00007f6c4c0078a0] Threads_lock - owner thread: 0x00007f6c4c111800

heap address: 0x00000000d1200000, size: 750 MB, Compressed Oops mode: 32-bit
Narrow klass base: 0x0000000000000000, Narrow klass shift: 3
Compressed class space size: 1073741824 Address: 0x0000000100000000

Heap:
 par new generation   total 39296K, used 38475K [0x00000000d1200000, 0x00000000d3ca0000, 0x00000000db860000)
  eden space 34944K, 100% used [0x00000000d1200000, 0x00000000d3420000, 0x00000000d3420000)
  from space 4352K,  81% used [0x00000000d3420000, 0x00000000d3792f70, 0x00000000d3860000)
  to   space 4352K,   0% used [0x00000000d3860000, 0x00000000d3860000, 0x00000000d3ca0000)
 concurrent mark-sweep generation total 87424K, used 67255K [0x00000000db860000, 0x00000000e0dc0000, 0x0000000100000000)
 Metaspace       used 157796K, capacity 166780K, committed 167100K, reserved 1196032K
  class space    used 19686K, capacity 21351K, committed 21444K, reserved 1048576K

Card table byte_map: [0x00007f6c37e88000,0x00007f6c38000000] byte_map_base: 0x00007f6c377ff000

Marking Bits: (CMSBitMap*) 0x00007f6c4c04a638
 Bits: [0x00007f6c37243000, 0x00007f6c37b61800)

Mod Union Table: (CMSBitMap*) 0x00007f6c4c04a6f8
 Bits: [0x00007f6c524d1000, 0x00007f6c524f57a0)

Polling page: 0x00007f6c52611000

CodeCache: size=245760Kb used=39733Kb max_used=39972Kb free=206026Kb
 bounds [0x00007f6c3c5a5000, 0x00007f6c3ece5000, 0x00007f6c4b5a5000]
 total_blobs=15169 nmethods=14005 adapters=1074
 compilation: enabled

Compilation events (10 events):
Event: 741.524 Thread 0x00007f6c4c114000 17529       4       sun.awt.SunToolkit::getSystemEventQueueImplPP (7 bytes)
Event: 741.525 Thread 0x00007f6c4c114000 nmethod 17529 0x00007f6c3d733210 code [0x00007f6c3d733380, 0x00007f6c3d733488]
Event: 745.146 Thread 0x00007f6c4c116000 17530       3       gnu.trove.THashMap::values (9 bytes)
Event: 745.146 Thread 0x00007f6c4c116000 nmethod 17530 0x00007f6c3e025c10 code [0x00007f6c3e025d80, 0x00007f6c3e026070]
Event: 745.146 Thread 0x00007f6c4c116000 17531       3       gnu.trove.THashMap$ValueView::<init> (11 bytes)
Event: 745.147 Thread 0x00007f6c4c116000 nmethod 17531 0x00007f6c3d714fd0 code [0x00007f6c3d715140, 0x00007f6c3d715370]
Event: 745.147 Thread 0x00007f6c4c116000 17532       3       gnu.trove.THashMap$ValueView::iterator (13 bytes)
Event: 745.147 Thread 0x00007f6c4c116000 nmethod 17532 0x00007f6c3c996650 code [0x00007f6c3c9967e0, 0x00007f6c3c996ae8]
Event: 745.147 Thread 0x00007f6c4c116000 17533       3       gnu.trove.THashMap$ValueView$1::<init> (11 bytes)
Event: 745.147 Thread 0x00007f6c4c116000 nmethod 17533 0x00007f6c3d7c35d0 code [0x00007f6c3d7c3740, 0x00007f6c3d7c3988]

GC Heap History (10 events):
Event: 34.452 GC heap before
{Heap before GC invocations=25 (full 3):
 par new generation   total 39296K, used 38754K [0x00000000d1200000, 0x00000000d3ca0000, 0x00000000db860000)
  eden space 34944K, 100% used [0x00000000d1200000, 0x00000000d3420000, 0x00000000d3420000)
  from space 4352K,  87% used [0x00000000d3860000, 0x00000000d3c18b28, 0x00000000d3ca0000)
  to   space 4352K,   0% used [0x00000000d3420000, 0x00000000d3420000, 0x00000000d3860000)
 concurrent mark-sweep generation total 87424K, used 63259K [0x00000000db860000, 0x00000000e0dc0000, 0x0000000100000000)
 Metaspace       used 154817K, capacity 163648K, committed 163900K, reserved 1191936K
  class space    used 19386K, capacity 21037K, committed 21060K, reserved 1048576K
Event: 34.460 GC heap after
Heap after GC invocations=26 (full 3):
 par new generation   total 39296K, used 3964K [0x00000000d1200000, 0x00000000d3ca0000, 0x00000000db860000)
  eden space 34944K,   0% used [0x00000000d1200000, 0x00000000d1200000, 0x00000000d3420000)
  from space 4352K,  91% used [0x00000000d3420000, 0x00000000d37ff170, 0x00000000d3860000)
  to   space 4352K,   0% used [0x00000000d3860000, 0x00000000d3860000, 0x00000000d3ca0000)
 concurrent mark-sweep generation total 87424K, used 64657K [0x00000000db860000, 0x00000000e0dc0000, 0x0000000100000000)
 Metaspace       used 154817K, capacity 163648K, committed 163900K, reserved 1191936K
  class space    used 19386K, capacity 21037K, committed 21060K, reserved 1048576K
}
Event: 34.737 GC heap before
{Heap before GC invocations=26 (full 3):
 par new generation   total 39296K, used 38908K [0x00000000d1200000, 0x00000000d3ca0000, 0x00000000db860000)
  eden space 34944K, 100% used [0x00000000d1200000, 0x00000000d3420000, 0x00000000d3420000)
  from space 4352K,  91% used [0x00000000d3420000, 0x00000000d37ff170, 0x00000000d3860000)
  to   space 4352K,   0% used [0x00000000d3860000, 0x00000000d3860000, 0x00000000d3ca0000)
 concurrent mark-sweep generation total 87424K, used 64657K [0x00000000db860000, 0x00000000e0dc0000, 0x0000000100000000)
 Metaspace       used 154837K, capacity 163712K, committed 163900K, reserved 1191936K
  class space    used 19386K, capacity 21037K, committed 21060K, reserved 1048576K
Event: 34.745 GC heap after
Heap after GC invocations=27 (full 3):
 par new generation   total 39296K, used 2710K [0x00000000d1200000, 0x00000000d3ca0000, 0x00000000db860000)
  eden space 34944K,   0% used [0x00000000d1200000, 0x00000000d1200000, 0x00000000d3420000)
  from space 4352K,  62% used [0x00000000d3860000, 0x00000000d3b05a80, 0x00000000d3ca0000)
  to   space 4352K,   0% used [0x00000000d3420000, 0x00000000d3420000, 0x00000000d3860000)
 concurrent mark-sweep generation total 87424K, used 65657K [0x00000000db860000, 0x00000000e0dc0000, 0x0000000100000000)
 Metaspace       used 154837K, capacity 163712K, committed 163900K, reserved 1191936K
  class space    used 19386K, capacity 21037K, committed 21060K, reserved 1048576K
}
Event: 35.056 GC heap before
{Heap before GC invocations=27 (full 3):
 par new generation   total 39296K, used 37654K [0x00000000d1200000, 0x00000000d3ca0000, 0x00000000db860000)
  eden space 34944K, 100% used [0x00000000d1200000, 0x00000000d3420000, 0x00000000d3420000)
  from space 4352K,  62% used [0x00000000d3860000, 0x00000000d3b05a80, 0x00000000d3ca0000)
  to   space 4352K,   0% used [0x00000000d3420000, 0x00000000d3420000, 0x00000000d3860000)
 concurrent mark-sweep generation total 87424K, used 65657K [0x00000000db860000, 0x00000000e0dc0000, 0x0000000100000000)
 Metaspace       used 155183K, capacity 164134K, committed 164284K, reserved 1191936K
  class space    used 19431K, capacity 21120K, committed 21188K, reserved 1048576K
Event: 35.061 GC heap after
Heap after GC invocations=28 (full 3):
 par new generation   total 39296K, used 4154K [0x00000000d1200000, 0x00000000d3ca0000, 0x00000000db860000)
  eden space 34944K,   0% used [0x00000000d1200000, 0x00000000d1200000, 0x00000000d3420000)
  from space 4352K,  95% used [0x00000000d3420000, 0x00000000d382e880, 0x00000000d3860000)
  to   space 4352K,   0% used [0x00000000d3860000, 0x00000000d3860000, 0x00000000d3ca0000)
 concurrent mark-sweep generation total 87424K, used 65657K [0x00000000db860000, 0x00000000e0dc0000, 0x0000000100000000)
 Metaspace       used 155183K, capacity 164134K, committed 164284K, reserved 1191936K
  class space    used 19431K, capacity 21120K, committed 21188K, reserved 1048576K
}
Event: 35.336 GC heap before
{Heap before GC invocations=28 (full 3):
 par new generation   total 39296K, used 39098K [0x00000000d1200000, 0x00000000d3ca0000, 0x00000000db860000)
  eden space 34944K, 100% used [0x00000000d1200000, 0x00000000d3420000, 0x00000000d3420000)
  from space 4352K,  95% used [0x00000000d3420000, 0x00000000d382e880, 0x00000000d3860000)
  to   space 4352K,   0% used [0x00000000d3860000, 0x00000000d3860000, 0x00000000d3ca0000)
 concurrent mark-sweep generation total 87424K, used 65657K [0x00000000db860000, 0x00000000e0dc0000, 0x0000000100000000)
 Metaspace       used 155216K, capacity 164134K, committed 164284K, reserved 1191936K
  class space    used 19431K, capacity 21120K, committed 21188K, reserved 1048576K
Event: 35.349 GC heap after
Heap after GC invocations=29 (full 3):
 par new generation   total 39296K, used 2595K [0x00000000d1200000, 0x00000000d3ca0000, 0x00000000db860000)
  eden space 34944K,   0% used [0x00000000d1200000, 0x00000000d1200000, 0x00000000d3420000)
  from space 4352K,  59% used [0x00000000d3860000, 0x00000000d3ae8c60, 0x00000000d3ca0000)
  to   space 4352K,   0% used [0x00000000d3420000, 0x00000000d3420000, 0x00000000d3860000)
 concurrent mark-sweep generation total 87424K, used 66649K [0x00000000db860000, 0x00000000e0dc0000, 0x0000000100000000)
 Metaspace       used 155216K, capacity 164134K, committed 164284K, reserved 1191936K
  class space    used 19431K, capacity 21120K, committed 21188K, reserved 1048576K
}
Event: 67.952 GC heap before
{Heap before GC invocations=29 (full 3):
 par new generation   total 39296K, used 37539K [0x00000000d1200000, 0x00000000d3ca0000, 0x00000000db860000)
  eden space 34944K, 100% used [0x00000000d1200000, 0x00000000d3420000, 0x00000000d3420000)
  from space 4352K,  59% used [0x00000000d3860000, 0x00000000d3ae8c60, 0x00000000d3ca0000)
  to   space 4352K,   0% used [0x00000000d3420000, 0x00000000d3420000, 0x00000000d3860000)
 concurrent mark-sweep generation total 87424K, used 66649K [0x00000000db860000, 0x00000000e0dc0000, 0x0000000100000000)
 Metaspace       used 156362K, capacity 165342K, committed 165436K, reserved 1193984K
  class space    used 19554K, capacity 21246K, committed 21316K, reserved 1048576K
Event: 67.960 GC heap after
Heap after GC invocations=30 (full 3):
 par new generation   total 39296K, used 3531K [0x00000000d1200000, 0x00000000d3ca0000, 0x00000000db860000)
  eden space 34944K,   0% used [0x00000000d1200000, 0x00000000d1200000, 0x00000000d3420000)
  from space 4352K,  81% used [0x00000000d3420000, 0x00000000d3792f70, 0x00000000d3860000)
  to   space 4352K,   0% used [0x00000000d3860000, 0x00000000d3860000, 0x00000000d3ca0000)
 concurrent mark-sweep generation total 87424K, used 67255K [0x00000000db860000, 0x00000000e0dc0000, 0x0000000100000000)
 Metaspace       used 156362K, capacity 165342K, committed 165436K, reserved 1193984K
  class space    used 19554K, capacity 21246K, committed 21316K, reserved 1048576K
}

Deoptimization events (10 events):
Event: 226.649 Thread 0x00007f6c0474c800 Uncommon trap: reason=unstable_if action=reinterpret pc=0x00007f6c3e343fdc method=java.awt.image.DirectColorModel.getAlpha(I)I @ 4
Event: 607.035 Thread 0x00007f6c2c0b3800 Uncommon trap: reason=null_check action=make_not_entrant pc=0x00007f6c3c9e0b8c method=java.lang.ThreadLocal$ThreadLocalMap.getEntryAfterMiss(Ljava/lang/ThreadLocal;ILjava/lang/ThreadLocal$ThreadLocalMap$Entry;)Ljava/lang/ThreadLocal$ThreadLocalMap$Entry; 
Event: 608.005 Thread 0x00007f6c2c0b3800 Uncommon trap: reason=unstable_if action=reinterpret pc=0x00007f6c3e70c1e0 method=org.apache.xerces.impl.XMLDocumentFragmentScannerImpl.scanStartElement()Z @ 112
Event: 608.010 Thread 0x00007f6c2c0b3800 Uncommon trap: reason=range_check action=none pc=0x00007f6c3ce8bac0 method=sun.reflect.generics.parser.SignatureParser.current()C @ 34
Event: 608.016 Thread 0x00007f6c4c1e0800 Uncommon trap: reason=unstable_if action=reinterpret pc=0x00007f6c3ec242d8 method=java.util.concurrent.SynchronousQueue$TransferStack.transfer(Ljava/lang/Object;ZJ)Ljava/lang/Object; @ 42
Event: 608.016 Thread 0x00007f6c4c1e0800 Uncommon trap: reason=unstable_if action=reinterpret pc=0x00007f6c3ec1ddd0 method=java.util.concurrent.SynchronousQueue.offer(Ljava/lang/Object;)Z @ 22
Event: 608.019 Thread 0x00007f6c2c0b3800 Uncommon trap: reason=range_check action=none pc=0x00007f6c3ce8bac0 method=sun.reflect.generics.parser.SignatureParser.current()C @ 34
Event: 609.032 Thread 0x00007f6c2c0b3800 Uncommon trap: reason=unstable_if action=reinterpret pc=0x00007f6c3e5500a0 method=java.lang.Long.parseLong(Ljava/lang/String;I)J @ 124
Event: 611.206 Thread 0x00007f6c04afb000 Uncommon trap: reason=unstable_if action=reinterpret pc=0x00007f6c3cf49dd8 method=java.util.Properties.getProperty(Ljava/lang/String;)Ljava/lang/String; @ 30
Event: 611.242 Thread 0x00007f6c04afb000 Uncommon trap: reason=unstable_if action=reinterpret pc=0x00007f6c3dffa920 method=java.nio.charset.Charset.lookup2(Ljava/lang/String;)Ljava/nio/charset/Charset; @ 44

Classes redefined (0 events):
No events

Internal exceptions (10 events):
Event: 608.010 Thread 0x00007f6c2c0b3800 Exception <a 'java/lang/ClassNotFoundException': com/jetbrains/ls/requests/ValidateLicenseRequestBeanInfo> (0x00000000d2c0e9d8) thrown at [/opt/buildAgent/work/41e63b2a6d154c93/hotspot/src/share/vm/classfile/systemDictionary.cpp, line 210]
Event: 608.010 Thread 0x00007f6c2c0b3800 Exception <a 'java/lang/ClassNotFoundException': com/jetbrains/ls/requests/AbstractRequestBeanInfo> (0x00000000d2c0fe78) thrown at [/opt/buildAgent/work/41e63b2a6d154c93/hotspot/src/share/vm/classfile/systemDictionary.cpp, line 210]
Event: 608.010 Thread 0x00007f6c2c0b3800 Exception <a 'java/lang/ClassNotFoundException': com/jetbrains/ls/requests/AbstractRequestCustomizer> (0x00000000d2c11338) thrown at [/opt/buildAgent/work/41e63b2a6d154c93/hotspot/src/share/vm/classfile/systemDictionary.cpp, line 210]
Event: 608.010 Thread 0x00007f6c2c0b3800 Exception <a 'java/lang/ArrayIndexOutOfBoundsException': 47> (0x00000000d2c144c8) thrown at [/opt/buildAgent/work/41e63b2a6d154c93/hotspot/src/share/vm/interpreter/interpreterRuntime.cpp, line 368]
Event: 608.019 Thread 0x00007f6c2c0b3800 Exception <a 'java/lang/ClassNotFoundException': com/jetbrains/ls/requests/ValidateLicenseRequestCustomizer> (0x00000000d2c2feb8) thrown at [/opt/buildAgent/work/41e63b2a6d154c93/hotspot/src/share/vm/classfile/systemDictionary.cpp, line 210]
Event: 608.019 Thread 0x00007f6c2c0b3800 Exception <a 'java/lang/ArrayIndexOutOfBoundsException': 97> (0x00000000d2c338f8) thrown at [/opt/buildAgent/work/41e63b2a6d154c93/hotspot/src/share/vm/interpreter/interpreterRuntime.cpp, line 368]
Event: 609.030 Thread 0x00007f6c2c0b3800 Exception <a 'java/lang/ClassNotFoundException': com/jetbrains/ls/responses/ValidateLicenseResponseBeanInfo> (0x00000000d2e4d8a0) thrown at [/opt/buildAgent/work/41e63b2a6d154c93/hotspot/src/share/vm/classfile/systemDictionary.cpp, line 210]
Event: 609.030 Thread 0x00007f6c2c0b3800 Exception <a 'java/lang/ClassNotFoundException': com/jetbrains/ls/responses/AbstractResponseBeanInfo> (0x00000000d2e4ed68) thrown at [/opt/buildAgent/work/41e63b2a6d154c93/hotspot/src/share/vm/classfile/systemDictionary.cpp, line 210]
Event: 609.030 Thread 0x00007f6c2c0b3800 Exception <a 'java/lang/ClassNotFoundException': com/jetbrains/ls/responses/AbstractResponseCustomizer> (0x00000000d2e50250) thrown at [/opt/buildAgent/work/41e63b2a6d154c93/hotspot/src/share/vm/classfile/systemDictionary.cpp, line 210]
Event: 609.032 Thread 0x00007f6c2c0b3800 Exception <a 'java/lang/ClassNotFoundException': com/jetbrains/ls/responses/ValidateLicenseResponseCustomizer> (0x00000000d2e66200) thrown at [/opt/buildAgent/work/41e63b2a6d154c93/hotspot/src/share/vm/classfile/systemDictionary.cpp, line 210]

Events (10 events):
Event: 659.552 Thread 0x00007f6c0474c800 DEOPT UNPACKING pc=0x00007f6c3c5ec0c4 sp=0x00007f6bebba0df8 mode 0
Event: 669.025 Thread 0x00007f6c1809b800 Thread exited: 0x00007f6c1809b800
Event: 747.442 loading class sun/awt/X11/XDestroyWindowEvent
Event: 747.501 loading class sun/misc/Signal$1
Event: 747.577 loading class sun/awt/X11/XDestroyWindowEvent done
Event: 747.583 Executing VM operation: RevokeBias
Event: 747.592 Executing VM operation: RevokeBias done
Event: 747.597 Executing VM operation: RevokeBias
Event: 747.597 Executing VM operation: RevokeBias done
Event: 747.597 loading class sun/misc/Signal$1 done


Dynamic libraries:
00400000-00401000 r-xp 00000000 07:03 29                                 /snap/goland/50/jre64/bin/java
00600000-00601000 rw-p 00000000 07:03 29                                 /snap/goland/50/jre64/bin/java
02092000-0234a000 rw-p 00000000 00:00 0                                  [heap]
d1200000-d3ca0000 rw-p 00000000 00:00 0 
d3ca0000-db860000 ---p 00000000 00:00 0 
db860000-e0dc0000 rw-p 00000000 00:00 0 
e0dc0000-100000000 ---p 00000000 00:00 0 
100000000-1014f1000 rw-p 00000000 00:00 0 
1014f1000-140000000 ---p 00000000 00:00 0 
7f6bd82e8000-7f6bd84e8000 rw-p 00000000 00:00 0 
7f6bd84e8000-7f6bd86e8000 rw-p 00000000 00:00 0 
7f6bd86e8000-7f6bd88e8000 rw-p 00000000 00:00 0 
7f6bd88e8000-7f6bd8ae8000 rw-p 00000000 00:00 0 
7f6bd8ae8000-7f6bd8ce8000 rw-p 00000000 00:00 0 
7f6bd8ce8000-7f6bd8ee8000 rw-p 00000000 00:00 0 
7f6bd8ee8000-7f6bd90e8000 rw-p 00000000 00:00 0 
7f6bd90e8000-7f6bd92e8000 rw-p 00000000 00:00 0 
7f6bd92e8000-7f6bd92eb000 ---p 00000000 00:00 0 
7f6bd92eb000-7f6bd93e9000 rw-p 00000000 00:00 0 
7f6bd93e9000-7f6bd93ec000 ---p 00000000 00:00 0 
7f6bd93ec000-7f6bd94ea000 rw-p 00000000 00:00 0 
7f6bd94ea000-7f6bd94ed000 ---p 00000000 00:00 0 
7f6bd94ed000-7f6bd95eb000 rw-p 00000000 00:00 0 
7f6bd95eb000-7f6bd95ee000 ---p 00000000 00:00 0 
7f6bd95ee000-7f6bd96ec000 rw-p 00000000 00:00 0 
7f6bd96ec000-7f6bd96ef000 ---p 00000000 00:00 0 
7f6bd96ef000-7f6bd97ed000 rw-p 00000000 00:00 0 
7f6bd97ed000-7f6bd97f0000 ---p 00000000 00:00 0 
7f6bd97f0000-7f6bd98ee000 rw-p 00000000 00:00 0 
7f6bd98ee000-7f6bd98f1000 ---p 00000000 00:00 0 
7f6bd98f1000-7f6bd99ef000 rw-p 00000000 00:00 0 
7f6bd99ef000-7f6bd99f2000 ---p 00000000 00:00 0 
7f6bd99f2000-7f6bd9af0000 rw-p 00000000 00:00 0 
7f6bd9af0000-7f6bd9af3000 ---p 00000000 00:00 0 
7f6bd9af3000-7f6bd9bf1000 rw-p 00000000 00:00 0 
7f6bd9bf1000-7f6bd9bf4000 ---p 00000000 00:00 0 
7f6bd9bf4000-7f6bd9cf2000 rw-p 00000000 00:00 0 
7f6bd9cf2000-7f6bd9cf5000 ---p 00000000 00:00 0 
7f6bd9cf5000-7f6bd9df3000 rw-p 00000000 00:00 0 
7f6bd9df3000-7f6bd9df6000 ---p 00000000 00:00 0 
7f6bd9df6000-7f6bd9ef4000 rw-p 00000000 00:00 0 
7f6bd9ef4000-7f6bd9ef7000 ---p 00000000 00:00 0 
7f6bd9ef7000-7f6bd9ff5000 rw-p 00000000 00:00 0 
7f6bd9ff5000-7f6bd9ff8000 ---p 00000000 00:00 0 
7f6bd9ff8000-7f6bda0f6000 rw-p 00000000 00:00 0 
7f6bda0f6000-7f6bda0f9000 ---p 00000000 00:00 0 
7f6bda0f9000-7f6bda1f7000 rw-p 00000000 00:00 0 
7f6bda1f7000-7f6bda1fa000 ---p 00000000 00:00 0 
7f6bda1fa000-7f6bda2f8000 rw-p 00000000 00:00 0 
7f6bda2f8000-7f6bda2fb000 ---p 00000000 00:00 0 
7f6bda2fb000-7f6bda5f9000 rw-p 00000000 00:00 0 
7f6bda5f9000-7f6bda5fc000 ---p 00000000 00:00 0 
7f6bda5fc000-7f6bda6fa000 rw-p 00000000 00:00 0 
7f6bda6fa000-7f6bda753000 r-xp 00000000 07:03 77                         /snap/goland/50/jre64/lib/amd64/liblcms.so
7f6bda753000-7f6bda953000 ---p 00059000 07:03 77                         /snap/goland/50/jre64/lib/amd64/liblcms.so
7f6bda953000-7f6bda958000 rw-p 00059000 07:03 77                         /snap/goland/50/jre64/lib/amd64/liblcms.so
7f6bdaa59000-7f6bdaa5c000 ---p 00000000 00:00 0 
7f6bdaa5c000-7f6bdab5a000 rw-p 00000000 00:00 0 
7f6bdab5a000-7f6bdab5d000 ---p 00000000 00:00 0 
7f6bdab5d000-7f6bdac5b000 rw-p 00000000 00:00 0 
7f6bdac5b000-7f6bdac5e000 ---p 00000000 00:00 0 
7f6bdac5e000-7f6bdad5c000 rw-p 00000000 00:00 0 
7f6bdad5c000-7f6bdad5f000 ---p 00000000 00:00 0 
7f6bdad5f000-7f6bdb05d000 rw-p 00000000 00:00 0 
7f6bdb05d000-7f6bdb25d000 rw-p 00000000 00:00 0 
7f6bdb25d000-7f6bdb260000 ---p 00000000 00:00 0 
7f6bdb260000-7f6bdb55e000 rw-p 00000000 00:00 0 
7f6bdb55e000-7f6bdb561000 ---p 00000000 00:00 0 
7f6bdb561000-7f6bdb85f000 rw-p 00000000 00:00 0 
7f6bdb85f000-7f6bdba5f000 rw-p 00000000 00:00 0 
7f6bdba5f000-7f6bdbc5f000 rw-p 00000000 00:00 0 
7f6bdbc5f000-7f6bdbc62000 ---p 00000000 00:00 0 
7f6bdbc62000-7f6bdbf60000 rw-p 00000000 00:00 0 
7f6bdbf60000-7f6bdbf63000 ---p 00000000 00:00 0 
7f6bdbf63000-7f6bdc261000 rw-p 00000000 00:00 0 
7f6bdc261000-7f6bdc461000 rw-p 00000000 00:00 0 
7f6bdc461000-7f6bdc661000 rw-p 00000000 00:00 0 
7f6bdc661000-7f6bdc861000 rw-p 00000000 00:00 0 
7f6bdc861000-7f6bdca61000 rw-p 00000000 00:00 0 
7f6bdca61000-7f6bdcc61000 rw-p 00000000 00:00 0 
7f6bdcc61000-7f6bdcc64000 ---p 00000000 00:00 0 
7f6bdcc64000-7f6bdcd62000 rw-p 00000000 00:00 0 
7f6bdcd62000-7f6bdcd65000 ---p 00000000 00:00 0 
7f6bdcd65000-7f6bdd063000 rw-p 00000000 00:00 0 
7f6bdd063000-7f6bdd263000 rw-p 00000000 00:00 0 
7f6bdd263000-7f6bdd455000 rw-p 00000000 00:00 0 
7f6bdd455000-7f6bdd463000 ---p 00000000 00:00 0 
7f6bdd463000-7f6bdd663000 rw-p 00000000 00:00 0 
7f6bdd663000-7f6bdd85c000 rw-p 00000000 00:00 0 
7f6bdd85c000-7f6bdd863000 ---p 00000000 00:00 0 
7f6bdd863000-7f6bdda62000 rw-p 00000000 00:00 0 
7f6bdda62000-7f6bdda63000 ---p 00000000 00:00 0 
7f6bdda63000-7f6bddc60000 rw-p 00000000 00:00 0 
7f6bddc60000-7f6bddc63000 ---p 00000000 00:00 0 
7f6bddc63000-7f6bdde63000 rw-p 00000000 00:00 0 
7f6bdde63000-7f6bde063000 rw-p 00000000 00:00 0 
7f6bde164000-7f6bde167000 ---p 00000000 00:00 0 
7f6bde167000-7f6bde465000 rw-p 00000000 00:00 0 
7f6bde465000-7f6bde665000 rw-p 00000000 00:00 0 
7f6bde6a9000-7f6bde8a9000 rw-p 00000000 00:00 0 
7f6bde8a9000-7f6bdeaa9000 rw-p 00000000 00:00 0 
7f6bdeaa9000-7f6bdeca9000 rw-p 00000000 00:00 0 
7f6bdeca9000-7f6bdeea9000 rw-p 00000000 00:00 0 
7f6bdeea9000-7f6bdeeac000 ---p 00000000 00:00 0 
7f6bdeeac000-7f6bdefaa000 rw-p 00000000 00:00 0 
7f6bdefaa000-7f6bdefad000 ---p 00000000 00:00 0 
7f6bdefad000-7f6bdf0ab000 rw-p 00000000 00:00 0 
7f6bdf0ab000-7f6bdf0d3000 r-xp 00000000 07:03 54                         /snap/goland/50/jre64/lib/amd64/libglass.so
7f6bdf0d3000-7f6bdf2d3000 ---p 00028000 07:03 54                         /snap/goland/50/jre64/lib/amd64/libglass.so
7f6bdf2d3000-7f6bdf2d4000 r--p 00028000 07:03 54                         /snap/goland/50/jre64/lib/amd64/libglass.so
7f6bdf2d4000-7f6bdf2d5000 rw-p 00029000 07:03 54                         /snap/goland/50/jre64/lib/amd64/libglass.so
7f6bdf2d5000-7f6bdf2d6000 rw-p 00000000 00:00 0 
7f6bdf2d6000-7f6bdf2e5000 r-xp 00000000 07:03 85                         /snap/goland/50/jre64/lib/amd64/libprism_sw.so
7f6bdf2e5000-7f6bdf4e4000 ---p 0000f000 07:03 85                         /snap/goland/50/jre64/lib/amd64/libprism_sw.so
7f6bdf4e4000-7f6bdf4e5000 r--p 0000e000 07:03 85                         /snap/goland/50/jre64/lib/amd64/libprism_sw.so
7f6bdf4e5000-7f6bdf4e6000 rw-p 0000f000 07:03 85                         /snap/goland/50/jre64/lib/amd64/libprism_sw.so
7f6bdf4e6000-7f6be04e6000 rw-s 1125c4000 00:06 332                       /dev/dri/card0
7f6be04e6000-7f6be04f9000 r-xp 00000000 08:01 1050472                    /lib/x86_64-linux-gnu/libbsd.so.0.8.2
7f6be04f9000-7f6be06f8000 ---p 00013000 08:01 1050472                    /lib/x86_64-linux-gnu/libbsd.so.0.8.2
7f6be06f8000-7f6be06f9000 r--p 00012000 08:01 1050472                    /lib/x86_64-linux-gnu/libbsd.so.0.8.2
7f6be06f9000-7f6be06fa000 rw-p 00013000 08:01 1050472                    /lib/x86_64-linux-gnu/libbsd.so.0.8.2
7f6be06fa000-7f6be06fb000 rw-p 00000000 00:00 0 
7f6be06fb000-7f6be0720000 r-xp 00000000 08:01 1050648                    /lib/x86_64-linux-gnu/libtinfo.so.5.9
7f6be0720000-7f6be091f000 ---p 00025000 08:01 1050648                    /lib/x86_64-linux-gnu/libtinfo.so.5.9
7f6be091f000-7f6be0923000 r--p 00024000 08:01 1050648                    /lib/x86_64-linux-gnu/libtinfo.so.5.9
7f6be0923000-7f6be0924000 rw-p 00028000 08:01 1050648                    /lib/x86_64-linux-gnu/libtinfo.so.5.9
7f6be0924000-7f6be0955000 r-xp 00000000 08:01 404143                     /usr/lib/x86_64-linux-gnu/libedit.so.2.0.53
7f6be0955000-7f6be0b55000 ---p 00031000 08:01 404143                     /usr/lib/x86_64-linux-gnu/libedit.so.2.0.53
7f6be0b55000-7f6be0b57000 r--p 00031000 08:01 404143                     /usr/lib/x86_64-linux-gnu/libedit.so.2.0.53
7f6be0b57000-7f6be0b58000 rw-p 00033000 08:01 404143                     /usr/lib/x86_64-linux-gnu/libedit.so.2.0.53
7f6be0b58000-7f6be0b5c000 rw-p 00000000 00:00 0 
7f6be0b5c000-7f6be41c3000 r-xp 00000000 08:01 403680                     /usr/lib/x86_64-linux-gnu/libLLVM-6.0.so.1
7f6be41c3000-7f6be41c4000 ---p 03667000 08:01 403680                     /usr/lib/x86_64-linux-gnu/libLLVM-6.0.so.1
7f6be41c4000-7f6be4535000 r--p 03667000 08:01 403680                     /usr/lib/x86_64-linux-gnu/libLLVM-6.0.so.1
7f6be4535000-7f6be4543000 rw-p 039d8000 08:01 403680                     /usr/lib/x86_64-linux-gnu/libLLVM-6.0.so.1
7f6be4543000-7f6be459e000 rw-p 00000000 00:00 0 
7f6be459e000-7f6be45b5000 r-xp 00000000 08:01 404148                     /usr/lib/x86_64-linux-gnu/libelf-0.165.so
7f6be45b5000-7f6be47b4000 ---p 00017000 08:01 404148                     /usr/lib/x86_64-linux-gnu/libelf-0.165.so
7f6be47b4000-7f6be47b5000 r--p 00016000 08:01 404148                     /usr/lib/x86_64-linux-gnu/libelf-0.165.so
7f6be47b5000-7f6be47b6000 rw-p 00017000 08:01 404148                     /usr/lib/x86_64-linux-gnu/libelf-0.165.so
7f6be47b6000-7f6be47bf000 r-xp 00000000 08:01 404115                     /usr/lib/x86_64-linux-gnu/libdrm_amdgpu.so.1.0.0
7f6be47bf000-7f6be49be000 ---p 00009000 08:01 404115                     /usr/lib/x86_64-linux-gnu/libdrm_amdgpu.so.1.0.0
7f6be49be000-7f6be49bf000 r--p 00008000 08:01 404115                     /usr/lib/x86_64-linux-gnu/libdrm_amdgpu.so.1.0.0
7f6be49bf000-7f6be49c0000 rw-p 00009000 08:01 404115                     /usr/lib/x86_64-linux-gnu/libdrm_amdgpu.so.1.0.0
7f6be49c0000-7f6be49cb000 r-xp 00000000 08:01 404121                     /usr/lib/x86_64-linux-gnu/libdrm_radeon.so.1.0.1
7f6be49cb000-7f6be4bca000 ---p 0000b000 08:01 404121                     /usr/lib/x86_64-linux-gnu/libdrm_radeon.so.1.0.1
7f6be4bca000-7f6be4bcb000 r--p 0000a000 08:01 404121                     /usr/lib/x86_64-linux-gnu/libdrm_radeon.so.1.0.1
7f6be4bcb000-7f6be4bcc000 rw-p 0000b000 08:01 404121                     /usr/lib/x86_64-linux-gnu/libdrm_radeon.so.1.0.1
7f6be4bcc000-7f6be4bd3000 r-xp 00000000 08:01 404119                     /usr/lib/x86_64-linux-gnu/libdrm_nouveau.so.2.0.0
7f6be4bd3000-7f6be4dd2000 ---p 00007000 08:01 404119                     /usr/lib/x86_64-linux-gnu/libdrm_nouveau.so.2.0.0
7f6be4dd2000-7f6be4dd3000 r--p 00006000 08:01 404119                     /usr/lib/x86_64-linux-gnu/libdrm_nouveau.so.2.0.0
7f6be4dd3000-7f6be4dd4000 rw-p 00007000 08:01 404119                     /usr/lib/x86_64-linux-gnu/libdrm_nouveau.so.2.0.0
7f6be4dd4000-7f6be4de2000 r-xp 00000000 08:01 404914                     /usr/lib/x86_64-linux-gnu/libsensors.so.4.4.0
7f6be4de2000-7f6be4fe1000 ---p 0000e000 08:01 404914                     /usr/lib/x86_64-linux-gnu/libsensors.so.4.4.0
7f6be4fe1000-7f6be4fe2000 r--p 0000d000 08:01 404914                     /usr/lib/x86_64-linux-gnu/libsensors.so.4.4.0
7f6be4fe2000-7f6be4fe3000 rw-p 0000e000 08:01 404914                     /usr/lib/x86_64-linux-gnu/libsensors.so.4.4.0
7f6be4fe3000-7f6be5aa5000 r-xp 00000000 08:01 525751                     /usr/lib/x86_64-linux-gnu/dri/vmwgfx_dri.so
7f6be5aa5000-7f6be5ca4000 ---p 00ac2000 08:01 525751                     /usr/lib/x86_64-linux-gnu/dri/vmwgfx_dri.so
7f6be5ca4000-7f6be5cf9000 r--p 00ac1000 08:01 525751                     /usr/lib/x86_64-linux-gnu/dri/vmwgfx_dri.so
7f6be5cf9000-7f6be5d02000 rw-p 00b16000 08:01 525751                     /usr/lib/x86_64-linux-gnu/dri/vmwgfx_dri.so
7f6be5d02000-7f6be5efb000 rw-p 00000000 00:00 0 
7f6be5efb000-7f6be5f0b000 r-xp 00000000 08:01 404113                     /usr/lib/x86_64-linux-gnu/libdrm.so.2.4.0
7f6be5f0b000-7f6be610b000 ---p 00010000 08:01 404113                     /usr/lib/x86_64-linux-gnu/libdrm.so.2.4.0
7f6be610b000-7f6be610c000 r--p 00010000 08:01 404113                     /usr/lib/x86_64-linux-gnu/libdrm.so.2.4.0
7f6be610c000-7f6be610d000 rw-p 00011000 08:01 404113                     /usr/lib/x86_64-linux-gnu/libdrm.so.2.4.0
7f6be610d000-7f6be6111000 r-xp 00000000 08:01 405195                     /usr/lib/x86_64-linux-gnu/libxcb-dri2.so.0.0.0
7f6be6111000-7f6be6310000 ---p 00004000 08:01 405195                     /usr/lib/x86_64-linux-gnu/libxcb-dri2.so.0.0.0
7f6be6310000-7f6be6311000 r--p 00003000 08:01 405195                     /usr/lib/x86_64-linux-gnu/libxcb-dri2.so.0.0.0
7f6be6311000-7f6be6312000 rw-p 00004000 08:01 405195                     /usr/lib/x86_64-linux-gnu/libxcb-dri2.so.0.0.0
7f6be6312000-7f6be6329000 r-xp 00000000 08:01 405199                     /usr/lib/x86_64-linux-gnu/libxcb-glx.so.0.0.0
7f6be6329000-7f6be6528000 ---p 00017000 08:01 405199                     /usr/lib/x86_64-linux-gnu/libxcb-glx.so.0.0.0
7f6be6528000-7f6be652a000 r--p 00016000 08:01 405199                     /usr/lib/x86_64-linux-gnu/libxcb-glx.so.0.0.0
7f6be652a000-7f6be652b000 rw-p 00018000 08:01 405199                     /usr/lib/x86_64-linux-gnu/libxcb-glx.so.0.0.0
7f6be652b000-7f6be652c000 r-xp 00000000 08:01 392127                     /usr/lib/x86_64-linux-gnu/libX11-xcb.so.1.0.0
7f6be652c000-7f6be672b000 ---p 00001000 08:01 392127                     /usr/lib/x86_64-linux-gnu/libX11-xcb.so.1.0.0
7f6be672b000-7f6be672c000 r--p 00000000 08:01 392127                     /usr/lib/x86_64-linux-gnu/libX11-xcb.so.1.0.0
7f6be672c000-7f6be672d000 rw-p 00001000 08:01 392127                     /usr/lib/x86_64-linux-gnu/libX11-xcb.so.1.0.0
7f6be672d000-7f6be6759000 r-xp 00000000 08:01 404316                     /usr/lib/x86_64-linux-gnu/libglapi.so.0.0.0
7f6be6759000-7f6be6958000 ---p 0002c000 08:01 404316                     /usr/lib/x86_64-linux-gnu/libglapi.so.0.0.0
7f6be6958000-7f6be695c000 r--p 0002b000 08:01 404316                     /usr/lib/x86_64-linux-gnu/libglapi.so.0.0.0
7f6be695c000-7f6be695d000 rw-p 0002f000 08:01 404316                     /usr/lib/x86_64-linux-gnu/libglapi.so.0.0.0
7f6be695d000-7f6be695e000 rw-p 00000000 00:00 0 
7f6be695e000-7f6be695f000 r-xp 00000000 08:01 405239                     /usr/lib/x86_64-linux-gnu/libxshmfence.so.1.0.0
7f6be695f000-7f6be6b5f000 ---p 00001000 08:01 405239                     /usr/lib/x86_64-linux-gnu/libxshmfence.so.1.0.0
7f6be6b5f000-7f6be6b60000 r--p 00001000 08:01 405239                     /usr/lib/x86_64-linux-gnu/libxshmfence.so.1.0.0
7f6be6b60000-7f6be6b61000 rw-p 00002000 08:01 405239                     /usr/lib/x86_64-linux-gnu/libxshmfence.so.1.0.0
7f6be6b61000-7f6be6b66000 r-xp 00000000 08:01 405219                     /usr/lib/x86_64-linux-gnu/libxcb-sync.so.1.0.0
7f6be6b66000-7f6be6d66000 ---p 00005000 08:01 405219                     /usr/lib/x86_64-linux-gnu/libxcb-sync.so.1.0.0
7f6be6d66000-7f6be6d67000 r--p 00005000 08:01 405219                     /usr/lib/x86_64-linux-gnu/libxcb-sync.so.1.0.0
7f6be6d67000-7f6be6d68000 rw-p 00006000 08:01 405219                     /usr/lib/x86_64-linux-gnu/libxcb-sync.so.1.0.0
7f6be6d68000-7f6be6d6a000 r-xp 00000000 08:01 405207                     /usr/lib/x86_64-linux-gnu/libxcb-present.so.0.0.0
7f6be6d6a000-7f6be6f69000 ---p 00002000 08:01 405207                     /usr/lib/x86_64-linux-gnu/libxcb-present.so.0.0.0
7f6be6f69000-7f6be6f6a000 r--p 00001000 08:01 405207                     /usr/lib/x86_64-linux-gnu/libxcb-present.so.0.0.0
7f6be6f6a000-7f6be6f6b000 rw-p 00002000 08:01 405207                     /usr/lib/x86_64-linux-gnu/libxcb-present.so.0.0.0
7f6be6f6b000-7f6be6f6d000 r-xp 00000000 08:01 405197                     /usr/lib/x86_64-linux-gnu/libxcb-dri3.so.0.0.0
7f6be6f6d000-7f6be716c000 ---p 00002000 08:01 405197                     /usr/lib/x86_64-linux-gnu/libxcb-dri3.so.0.0.0
7f6be716c000-7f6be716d000 r--p 00001000 08:01 405197                     /usr/lib/x86_64-linux-gnu/libxcb-dri3.so.0.0.0
7f6be716d000-7f6be716e000 rw-p 00002000 08:01 405197                     /usr/lib/x86_64-linux-gnu/libxcb-dri3.so.0.0.0
7f6be716e000-7f6be72e0000 r-xp 00000000 08:01 392064                     /usr/lib/x86_64-linux-gnu/libstdc++.so.6.0.21
7f6be72e0000-7f6be74e0000 ---p 00172000 08:01 392064                     /usr/lib/x86_64-linux-gnu/libstdc++.so.6.0.21
7f6be74e0000-7f6be74ea000 r--p 00172000 08:01 392064                     /usr/lib/x86_64-linux-gnu/libstdc++.so.6.0.21
7f6be74ea000-7f6be74ec000 rw-p 0017c000 08:01 392064                     /usr/lib/x86_64-linux-gnu/libstdc++.so.6.0.21
7f6be74ec000-7f6be74f0000 rw-p 00000000 00:00 0 
7f6be74f0000-7f6be7560000 r-xp 00000000 08:01 527168                     /usr/lib/x86_64-linux-gnu/mesa/libGL.so.1.2.0
7f6be7560000-7f6be775f000 ---p 00070000 08:01 527168                     /usr/lib/x86_64-linux-gnu/mesa/libGL.so.1.2.0
7f6be775f000-7f6be7762000 r--p 0006f000 08:01 527168                     /usr/lib/x86_64-linux-gnu/mesa/libGL.so.1.2.0
7f6be7762000-7f6be7763000 rw-p 00072000 08:01 527168                     /usr/lib/x86_64-linux-gnu/mesa/libGL.so.1.2.0
7f6be7763000-7f6be7764000 rw-p 00000000 00:00 0 
7f6be7764000-7f6be7769000 r-xp 00000000 08:01 403852                     /usr/lib/x86_64-linux-gnu/libXxf86vm.so.1.0.0
7f6be7769000-7f6be7968000 ---p 00005000 08:01 403852                     /usr/lib/x86_64-linux-gnu/libXxf86vm.so.1.0.0
7f6be7968000-7f6be7969000 r--p 00004000 08:01 403852                     /usr/lib/x86_64-linux-gnu/libXxf86vm.so.1.0.0
7f6be7969000-7f6be796a000 rw-p 00005000 08:01 403852                     /usr/lib/x86_64-linux-gnu/libXxf86vm.so.1.0.0
7f6be796a000-7f6be7976000 r-xp 00000000 07:03 84                         /snap/goland/50/jre64/lib/amd64/libprism_es2.so
7f6be7976000-7f6be7b75000 ---p 0000c000 07:03 84                         /snap/goland/50/jre64/lib/amd64/libprism_es2.so
7f6be7b75000-7f6be7b76000 r--p 0000b000 07:03 84                         /snap/goland/50/jre64/lib/amd64/libprism_es2.so
7f6be7b76000-7f6be7b77000 rw-p 0000c000 07:03 84                         /snap/goland/50/jre64/lib/amd64/libprism_es2.so
7f6be7b77000-7f6be7d77000 rw-p 00000000 00:00 0 
7f6be7d77000-7f6be7d92000 r-xp 00000000 08:01 404067                     /usr/lib/x86_64-linux-gnu/libdbusmenu-glib.so.4.0.12
7f6be7d92000-7f6be7f91000 ---p 0001b000 08:01 404067                     /usr/lib/x86_64-linux-gnu/libdbusmenu-glib.so.4.0.12
7f6be7f91000-7f6be7f92000 r--p 0001a000 08:01 404067                     /usr/lib/x86_64-linux-gnu/libdbusmenu-glib.so.4.0.12
7f6be7f92000-7f6be7f93000 rw-p 0001b000 08:01 404067                     /usr/lib/x86_64-linux-gnu/libdbusmenu-glib.so.4.0.12
7f6be7f93000-7f6be7f98000 r-xp 00000000 07:03 12                         /snap/goland/50/bin/libdbm64.so
7f6be7f98000-7f6be8197000 ---p 00005000 07:03 12                         /snap/goland/50/bin/libdbm64.so
7f6be8197000-7f6be8198000 r--p 00004000 07:03 12                         /snap/goland/50/bin/libdbm64.so
7f6be8198000-7f6be8199000 rw-p 00005000 07:03 12                         /snap/goland/50/bin/libdbm64.so
7f6be8199000-7f6be8399000 rw-p 00000000 00:00 0 
7f6be8399000-7f6be8599000 rw-p 00000000 00:00 0 
7f6be8599000-7f6be859e000 r-xp 00000000 08:01 1091354                    /lib/x86_64-linux-gnu/libnss_dns-2.23.so
7f6be859e000-7f6be879e000 ---p 00005000 08:01 1091354                    /lib/x86_64-linux-gnu/libnss_dns-2.23.so
7f6be879e000-7f6be879f000 r--p 00005000 08:01 1091354                    /lib/x86_64-linux-gnu/libnss_dns-2.23.so
7f6be879f000-7f6be87a0000 rw-p 00006000 08:01 1091354                    /lib/x86_64-linux-gnu/libnss_dns-2.23.so
7f6be87a0000-7f6be87a2000 r-xp 00000000 08:01 1050581                    /lib/x86_64-linux-gnu/libnss_mdns4_minimal.so.2
7f6be87a2000-7f6be89a1000 ---p 00002000 08:01 1050581                    /lib/x86_64-linux-gnu/libnss_mdns4_minimal.so.2
7f6be89a1000-7f6be89a2000 r--p 00001000 08:01 1050581                    /lib/x86_64-linux-gnu/libnss_mdns4_minimal.so.2
7f6be89a2000-7f6be89a3000 rw-p 00002000 08:01 1050581                    /lib/x86_64-linux-gnu/libnss_mdns4_minimal.so.2
7f6be89b8000-7f6be89b9000 r--p 00000000 08:01 664529                     /usr/share/locale-langpack/zh_CN/LC_MESSAGES/libdbusmenu.mo
7f6be89b9000-7f6be8bb9000 rw-p 00000000 00:00 0 
7f6be8bb9000-7f6be8db9000 rw-p 00000000 00:00 0 
7f6be8db9000-7f6be8dbc000 ---p 00000000 00:00 0 
7f6be8dbc000-7f6be90ba000 rw-p 00000000 00:00 0 
7f6be90ba000-7f6be90bd000 ---p 00000000 00:00 0 
7f6be90bd000-7f6be93bb000 rw-p 00000000 00:00 0 
7f6be93bb000-7f6be93be000 ---p 00000000 00:00 0 
7f6be93be000-7f6be96bc000 rw-p 00000000 00:00 0 
7f6be96bc000-7f6be96c3000 r--s 0000b000 07:03 461                        /snap/goland/50/plugins/JSIntentionPowerPack/lib/resources_en.jar
7f6be96c3000-7f6be96c8000 r--s 00071000 07:03 460                        /snap/goland/50/plugins/JSIntentionPowerPack/lib/JSIntentionPowerPack.jar
7f6be96c8000-7f6be96c9000 r--s 00002000 07:03 721                        /snap/goland/50/plugins/htmltools/lib/resources_en.jar
7f6be96c9000-7f6be96cd000 r--s 00052000 07:03 720                        /snap/goland/50/plugins/htmltools/lib/htmltools.jar
7f6be96cd000-7f6be96d0000 ---p 00000000 00:00 0 
7f6be96d0000-7f6be97ce000 rw-p 00000000 00:00 0 
7f6be97ce000-7f6be97d3000 r--s 0008f000 07:03 771                        /snap/goland/50/plugins/tslint/lib/tslint.jar
7f6be97d3000-7f6be97d4000 r--s 00001000 07:03 770                        /snap/goland/50/plugins/tslint/lib/resources_en.jar
7f6be97d4000-7f6be97d7000 ---p 00000000 00:00 0 
7f6be97d7000-7f6be9ad5000 rw-p 00000000 00:00 0 
7f6be9ad5000-7f6be9cd3000 rw-p 00000000 00:00 0 
7f6be9cd3000-7f6be9cd5000 ---p 00000000 00:00 0 
7f6be9cd5000-7f6be9ed5000 rw-p 00000000 00:00 0 
7f6be9ed5000-7f6be9ed6000 r--s 00006000 07:03 639                        /snap/goland/50/plugins/RefactorX/lib/resources_en.jar
7f6be9ed6000-7f6be9edb000 r--s 00063000 07:03 638                        /snap/goland/50/plugins/RefactorX/lib/RefactorX.jar
7f6be9edb000-7f6bea0d4000 rw-p 00000000 00:00 0 
7f6bea0d4000-7f6bea0db000 ---p 00000000 00:00 0 
7f6bea0db000-7f6bea0e2000 r--s 000ca000 07:03 790                        /snap/goland/50/plugins/yaml/lib/yaml.jar
7f6bea0e2000-7f6bea0e3000 r--s 00006000 07:03 789                        /snap/goland/50/plugins/yaml/lib/resources_en.jar
7f6bea0e3000-7f6bea0ef000 r--s 00151000 07:03 735                        /snap/goland/50/plugins/restClient/lib/restClient.jar
7f6bea0ef000-7f6bea0f0000 r--s 00003000 07:03 734                        /snap/goland/50/plugins/restClient/lib/resources_en.jar
7f6bea0f0000-7f6bea0f1000 r--s 00000000 07:03 713                        /snap/goland/50/plugins/go-template/lib/resources_en.jar
7f6bea0f1000-7f6bea0f5000 r--s 00050000 07:03 712                        /snap/goland/50/plugins/go-template/lib/go-template.jar
7f6bea0f5000-7f6bea2f5000 rw-p 00000000 00:00 0 
7f6bea2f5000-7f6bea2f6000 rwxp 00000000 00:00 0 
7f6bea2f6000-7f6bea2f9000 ---p 00000000 00:00 0 
7f6bea2f9000-7f6bea32f000 rw-p 00000000 00:00 0 
7f6bea32f000-7f6bea332000 ---p 00000000 00:00 0 
7f6bea332000-7f6bea430000 rw-p 00000000 00:00 0 
7f6bea430000-7f6bea433000 ---p 00000000 00:00 0 
7f6bea433000-7f6bea531000 rw-p 00000000 00:00 0 
7f6bea531000-7f6bea534000 ---p 00000000 00:00 0 
7f6bea534000-7f6bea82e000 rw-p 00000000 00:00 0 
7f6bea82e000-7f6bea832000 ---p 00000000 00:00 0 
7f6bea832000-7f6beaa32000 rw-p 00000000 00:00 0 
7f6beaa32000-7f6beaa33000 r--s 00001000 07:03 643                        /snap/goland/50/plugins/cloud-config/lib/resources_en.jar
7f6beaa33000-7f6beaa36000 r--s 00042000 07:03 642                        /snap/goland/50/plugins/cloud-config/lib/cloud-config.jar
7f6beaa36000-7f6beaa3f000 r--s 00046000 07:03 395                        /snap/goland/50/plugins/Docker/lib/jackson-dataformat-yaml-2.7.3.jar
7f6beaa3f000-7f6beaa43000 r--s 00029000 07:03 394                        /snap/goland/50/plugins/Docker/lib/commons-io-2.3.jar
7f6beaa43000-7f6beaa45000 r--s 00009000 07:03 393                        /snap/goland/50/plugins/Docker/lib/commons-cli-1.2.jar
7f6beaa45000-7f6beaa46000 r--s 00005000 07:03 392                        /snap/goland/50/plugins/Docker/lib/Docker.jar
7f6beaa46000-7f6beaa49000 r--s 0004e000 07:03 391                        /snap/goland/50/plugins/Docker/lib/Docker-remote-run.jar
7f6beaa49000-7f6beaa4f000 r--s 00065000 07:03 390                        /snap/goland/50/plugins/Docker/lib/Docker-file.jar
7f6beaa4f000-7f6beaa5f000 r--s 0020c000 07:03 389                        /snap/goland/50/plugins/Docker/lib/Docker-core.jar
7f6beaa5f000-7f6beaa63000 r--s 00046000 07:03 388                        /snap/goland/50/plugins/Docker/lib/Docker-compose.jar
7f6beaa63000-7f6beaa66000 r--s 0001d000 07:03 387                        /snap/goland/50/plugins/Docker/lib/Docker-agent-api-rt.jar
7f6beaa66000-7f6beaa68000 r--s 00001000 07:03 468                        /snap/goland/50/plugins/JavaScriptDebugger/lib/resources_en.jar
7f6beaa68000-7f6beaa7a000 r--s 00245000 07:03 466                        /snap/goland/50/plugins/JavaScriptDebugger/lib/JavaScriptDebugger.jar
7f6beaa7a000-7f6beaa7e000 r--s 00064000 07:03 465                        /snap/goland/50/plugins/JavaScriptDebugger/lib/FirefoxConnector.jar
7f6beaa7e000-7f6beaaa8000 r--s 0044d000 07:03 464                        /snap/goland/50/plugins/JavaScriptDebugger/lib/ChromeConnector.jar
7f6beaaa8000-7f6beaaa9000 r--s 00006000 07:03 635                        /snap/goland/50/plugins/JavaScriptLanguage/lib/semver4j-2.2.0.jar
7f6beaaa9000-7f6beaab5000 r--s 0006a000 07:03 634                        /snap/goland/50/plugins/JavaScriptLanguage/lib/resources_en.jar
7f6beaab5000-7f6beaab9000 r--s 0006b000 07:03 633                        /snap/goland/50/plugins/JavaScriptLanguage/lib/js-test-common.jar
7f6beaab9000-7f6beaac6000 r--s 00070000 07:03 632                        /snap/goland/50/plugins/JavaScriptLanguage/lib/javascript-openapi.jar
7f6beaac6000-7f6beab80000 r--s 0218a000 07:03 631                        /snap/goland/50/plugins/JavaScriptLanguage/lib/JavaScriptLanguage.jar
7f6beab80000-7f6beab83000 r--s 00047000 07:03 743                        /snap/goland/50/plugins/terminal/lib/terminal.jar
7f6beab83000-7f6beab84000 r--s 00001000 07:03 742                        /snap/goland/50/plugins/terminal/lib/resources_en.jar
7f6beab84000-7f6beab85000 r--s 00001000 07:03 668                        /snap/goland/50/plugins/github/lib/resources_en.jar
7f6beab85000-7f6beab9a000 r--s 00252000 07:03 667                        /snap/goland/50/plugins/github/lib/github.jar
7f6beab9a000-7f6beab9b000 r--s 00006000 07:03 727                        /snap/goland/50/plugins/markdown/lib/resources_en.jar
7f6beab9b000-7f6beab9e000 r--s 00022000 07:03 726                        /snap/goland/50/plugins/markdown/lib/owasp-java-html-sanitizer.jar
7f6beab9e000-7f6beaba8000 r--s 000d3000 07:03 725                        /snap/goland/50/plugins/markdown/lib/markdown.jar
7f6beaba8000-7f6beabb0000 r--s 0005c000 07:03 724                        /snap/goland/50/plugins/markdown/lib/markdown-0.1.31.jar
7f6beabb0000-7f6beabb5000 r--s 000af000 07:03 457                        /snap/goland/50/plugins/IntelliLang/lib/IntelliLang.jar
7f6beabb5000-7f6beabb7000 r--s 00009000 07:03 655                        /snap/goland/50/plugins/editorconfig/lib/resources_en.jar
7f6beabb7000-7f6beabcb000 r--s 001d9000 07:03 654                        /snap/goland/50/plugins/editorconfig/lib/editorconfig.jar
7f6beabcb000-7f6beabcc000 r--s 00003000 07:03 653                        /snap/goland/50/plugins/editorconfig/lib/editorconfig-core-java.jar
7f6beabcc000-7f6beabcd000 r--s 00006000 07:03 717                        /snap/goland/50/plugins/hg4idea/lib/resources_en.jar
7f6beabcd000-7f6beabd6000 r--s 0016b000 07:03 716                        /snap/goland/50/plugins/hg4idea/lib/hg4idea.jar
7f6beabd6000-7f6beabda000 r--s 0000e000 07:03 376                        /snap/goland/50/plugins/CSS/lib/resources_en.jar
7f6beabda000-7f6beabf4000 r--s 005e3000 07:03 375                        /snap/goland/50/plugins/CSS/lib/css.jar
7f6beabf4000-7f6beac04000 r--s 00220000 07:03 374                        /snap/goland/50/plugins/CSS/lib/css-openapi.jar
7f6beac04000-7f6beac06000 r--s 00000000 07:03 659                        /snap/goland/50/plugins/fileWatcher/lib/resources_en.jar
7f6beac06000-7f6beac09000 r--s 00069000 07:03 658                        /snap/goland/50/plugins/fileWatcher/lib/fileWatcher.jar
7f6beac09000-7f6beac1e000 r--s 00309000 07:03 780                        /snap/goland/50/plugins/webDeployment/lib/webDeployment.jar
7f6beac1e000-7f6beac1f000 r--s 00010000 07:03 779                        /snap/goland/50/plugins/webDeployment/lib/resources_en.jar
7f6beac1f000-7f6beac26000 r--s 0004a000 07:03 778                        /snap/goland/50/plugins/webDeployment/lib/commons-vfs2-2.2.1.5.jar
7f6beac26000-7f6beac2b000 r--s 00090000 07:03 775                        /snap/goland/50/plugins/uml/lib/uml-support.jar
7f6beac2b000-7f6beac2f000 r--s 00059000 07:03 774                        /snap/goland/50/plugins/uml/lib/diagram-api.jar
7f6beac2f000-7f6beac30000 r--s 00003000 07:03 650                        /snap/goland/50/plugins/copyright/lib/resources_en.jar
7f6beac30000-7f6beac34000 r--s 0005e000 07:03 649                        /snap/goland/50/plugins/copyright/lib/copyright.jar
7f6beac34000-7f6beac35000 r--s 0000c000 07:03 664                        /snap/goland/50/plugins/git4idea/lib/resources_en.jar
7f6beac35000-7f6beac4b000 r--s 00417000 07:03 663                        /snap/goland/50/plugins/git4idea/lib/git4idea.jar
7f6beac4b000-7f6beac4d000 r--s 00011000 07:03 662                        /snap/goland/50/plugins/git4idea/lib/git4idea-rt.jar
7f6beac4d000-7f6beac51000 r--s 0007b000 07:03 749                        /snap/goland/50/plugins/textmate/lib/textmate.jar
7f6beac51000-7f6beac52000 r--s 00000000 07:03 748                        /snap/goland/50/plugins/textmate/lib/resources_en.jar
7f6beac52000-7f6beac55000 r--s 00032000 07:03 747                        /snap/goland/50/plugins/textmate/lib/joni-2.1.18.jar
7f6beac55000-7f6beac65000 r--s 00185000 07:03 746                        /snap/goland/50/plugins/textmate/lib/jcodings-1.0.30.jar
7f6beac65000-7f6beac66000 r--s 00000000 07:03 731                        /snap/goland/50/plugins/remote-run/lib/resources_en.jar
7f6beac66000-7f6beac6c000 r--s 000b5000 07:03 730                        /snap/goland/50/plugins/remote-run/lib/remote-run.jar
7f6beac6c000-7f6beac6e000 r--s 0000e000 07:03 709                        /snap/goland/50/plugins/go/lib/toml4j-0.7.2.jar
7f6beac6e000-7f6beac76000 r--s 00026000 07:03 708                        /snap/goland/50/plugins/go/lib/resources_en.jar
7f6beac76000-7f6beacb1000 r--s 00aa3000 07:03 707                        /snap/goland/50/plugins/go/lib/go.jar
7f6beacb1000-7f6beacb4000 r--s 0004c000 07:03 706                        /snap/goland/50/plugins/go/lib/go-vgo.jar
7f6beacb4000-7f6beacb6000 r--s 00006000 07:03 704                        /snap/goland/50/plugins/go/lib/go-testing.jar
7f6beacb6000-7f6beacb9000 r--s 0006c000 07:03 702                        /snap/goland/50/plugins/go/lib/go-profiler.jar
7f6beacb9000-7f6beae43000 r--s 03dab000 07:03 379                        /snap/goland/50/plugins/DatabaseTools/lib/database-impl.jar
7f6beae43000-7f6beae44000 r-xp 00000000 07:03 68                         /snap/goland/50/jre64/lib/amd64/libjawt.so
7f6beae44000-7f6beb043000 ---p 00001000 07:03 68                         /snap/goland/50/jre64/lib/amd64/libjawt.so
7f6beb043000-7f6beb044000 rw-p 00000000 07:03 68                         /snap/goland/50/jre64/lib/amd64/libjawt.so
7f6beb044000-7f6beb244000 rw-p 00000000 00:00 0 
7f6beb244000-7f6beb444000 rw-p 00000000 00:00 0 
7f6beb4b9000-7f6beb4bc000 ---p 00000000 00:00 0 
7f6beb4bc000-7f6beb4f2000 rw-p 00000000 00:00 0 
7f6beb4f2000-7f6beb4f5000 ---p 00000000 00:00 0 
7f6beb4f5000-7f6beb52b000 rw-p 00000000 00:00 0 
7f6beb53b000-7f6beb53e000 r--s 00030000 07:03 646                        /snap/goland/50/plugins/configurationScript/lib/configurationScript.jar
7f6beb53e000-7f6beb541000 ---p 00000000 00:00 0 
7f6beb541000-7f6beb63f000 rw-p 00000000 00:00 0 
7f6beb63f000-7f6beb6a0000 r-xp 00000000 07:03 88                         /snap/goland/50/jre64/lib/amd64/libsplashscreen.so
7f6beb6a0000-7f6beb8a0000 ---p 00061000 07:03 88                         /snap/goland/50/jre64/lib/amd64/libsplashscreen.so
7f6beb8a0000-7f6beb8a1000 rw-p 00061000 07:03 88                         /snap/goland/50/jre64/lib/amd64/libsplashscreen.so
7f6beb8a1000-7f6bebaa4000 rw-p 00000000 00:00 0 
7f6bebaa4000-7f6bebaa7000 ---p 00000000 00:00 0 
7f6bebaa7000-7f6bebba5000 rw-p 00000000 00:00 0 
7f6bebba5000-7f6bebba8000 ---p 00000000 00:00 0 
7f6bebba8000-7f6bebca6000 rw-p 00000000 00:00 0 
7f6bebca6000-7f6bebca9000 ---p 00000000 00:00 0 
7f6bebca9000-7f6bebfa7000 rw-p 00000000 00:00 0 
7f6bebfa7000-7f6bec1a7000 rw-p 00000000 00:00 0 
7f6bec1a7000-7f6bec1aa000 ---p 00000000 00:00 0 
7f6bec1aa000-7f6bec4a8000 rw-p 00000000 00:00 0 
7f6bec4a8000-7f6bec4ab000 ---p 00000000 00:00 0 
7f6bec4ab000-7f6bec5a9000 rw-p 00000000 00:00 0 
7f6bec5a9000-7f6bec5ac000 ---p 00000000 00:00 0 
7f6bec5ac000-7f6bec8aa000 rw-p 00000000 00:00 0 
7f6bec8aa000-7f6bec8ad000 ---p 00000000 00:00 0 
7f6bec8ad000-7f6bec9ab000 rw-p 00000000 00:00 0 
7f6bec9ab000-7f6bedb8d000 r--p 00000000 08:01 917340                     /usr/share/fonts/opentype/noto/NotoSansCJK-Regular.ttc
7f6bee163000-7f6bee1e3000 rw-p 00000000 00:00 0 
7f6bee1e3000-7f6bee363000 ---p 00000000 00:00 0 
7f6bee363000-7f6bee38e000 rw-s 00000000 00:05 2490385                    /SYSV00000000 (deleted)
7f6bee38e000-7f6bee3c4000 r-xp 00000000 08:01 527014                     /usr/lib/x86_64-linux-gnu/gvfs/libgvfscommon.so
7f6bee3c4000-7f6bee5c4000 ---p 00036000 08:01 527014                     /usr/lib/x86_64-linux-gnu/gvfs/libgvfscommon.so
7f6bee5c4000-7f6bee5c9000 r--p 00036000 08:01 527014                     /usr/lib/x86_64-linux-gnu/gvfs/libgvfscommon.so
7f6bee5c9000-7f6bee5ca000 rw-p 0003b000 08:01 527014                     /usr/lib/x86_64-linux-gnu/gvfs/libgvfscommon.so
7f6bee5ca000-7f6bee5fa000 r-xp 00000000 08:01 526452                     /usr/lib/x86_64-linux-gnu/gio/modules/libgvfsdbus.so
7f6bee5fa000-7f6bee7fa000 ---p 00030000 08:01 526452                     /usr/lib/x86_64-linux-gnu/gio/modules/libgvfsdbus.so
7f6bee7fa000-7f6bee7fb000 r--p 00030000 08:01 526452                     /usr/lib/x86_64-linux-gnu/gio/modules/libgvfsdbus.so
7f6bee7fb000-7f6bee7fd000 rw-p 00031000 08:01 526452                     /usr/lib/x86_64-linux-gnu/gio/modules/libgvfsdbus.so
7f6bee7fd000-7f6bee80f000 r-xp 00000000 08:01 1050520                    /lib/x86_64-linux-gnu/libgpg-error.so.0.17.0
7f6bee80f000-7f6beea0f000 ---p 00012000 08:01 1050520                    /lib/x86_64-linux-gnu/libgpg-error.so.0.17.0
7f6beea0f000-7f6beea10000 r--p 00012000 08:01 1050520                    /lib/x86_64-linux-gnu/libgpg-error.so.0.17.0
7f6beea10000-7f6beea11000 rw-p 00013000 08:01 1050520                    /lib/x86_64-linux-gnu/libgpg-error.so.0.17.0
7f6beea11000-7f6beeae8000 r-xp 00000000 08:01 1050516                    /lib/x86_64-linux-gnu/libgcrypt.so.20.0.5
7f6beeae8000-7f6beece8000 ---p 000d7000 08:01 1050516                    /lib/x86_64-linux-gnu/libgcrypt.so.20.0.5
7f6beece8000-7f6beece9000 r--p 000d7000 08:01 1050516                    /lib/x86_64-linux-gnu/libgcrypt.so.20.0.5
7f6beece9000-7f6beecf1000 rw-p 000d8000 08:01 1050516                    /lib/x86_64-linux-gnu/libgcrypt.so.20.0.5
7f6beecf1000-7f6beecf2000 rw-p 00000000 00:00 0 
7f6beecf2000-7f6beed13000 r-xp 00000000 08:01 1050543                    /lib/x86_64-linux-gnu/liblzma.so.5.0.0
7f6beed13000-7f6beef12000 ---p 00021000 08:01 1050543                    /lib/x86_64-linux-gnu/liblzma.so.5.0.0
7f6beef12000-7f6beef13000 r--p 00020000 08:01 1050543                    /lib/x86_64-linux-gnu/liblzma.so.5.0.0
7f6beef13000-7f6beef14000 rw-p 00021000 08:01 1050543                    /lib/x86_64-linux-gnu/liblzma.so.5.0.0
7f6beef14000-7f6beef94000 r-xp 00000000 08:01 1080932                    /lib/x86_64-linux-gnu/libsystemd.so.0.14.0
7f6beef94000-7f6beef97000 r--p 0007f000 08:01 1080932                    /lib/x86_64-linux-gnu/libsystemd.so.0.14.0
7f6beef97000-7f6beef98000 rw-p 00082000 08:01 1080932                    /lib/x86_64-linux-gnu/libsystemd.so.0.14.0
7f6beef98000-7f6beef99000 rw-p 00000000 00:00 0 
7f6beef99000-7f6beefe3000 r-xp 00000000 08:01 1050492                    /lib/x86_64-linux-gnu/libdbus-1.so.3.14.6
7f6beefe3000-7f6bef1e3000 ---p 0004a000 08:01 1050492                    /lib/x86_64-linux-gnu/libdbus-1.so.3.14.6
7f6bef1e3000-7f6bef1e4000 r--p 0004a000 08:01 1050492                    /lib/x86_64-linux-gnu/libdbus-1.so.3.14.6
7f6bef1e4000-7f6bef1e5000 rw-p 0004b000 08:01 1050492                    /lib/x86_64-linux-gnu/libdbus-1.so.3.14.6
7f6bef1e5000-7f6bef1f8000 r-xp 00000000 08:01 404191                     /usr/lib/x86_64-linux-gnu/libfcitx-utils.so.0.1
7f6bef1f8000-7f6bef3f7000 ---p 00013000 08:01 404191                     /usr/lib/x86_64-linux-gnu/libfcitx-utils.so.0.1
7f6bef3f7000-7f6bef3f8000 r--p 00012000 08:01 404191                     /usr/lib/x86_64-linux-gnu/libfcitx-utils.so.0.1
7f6bef3f8000-7f6bef3f9000 rw-p 00013000 08:01 404191                     /usr/lib/x86_64-linux-gnu/libfcitx-utils.so.0.1
7f6bef3f9000-7f6bef404000 r-xp 00000000 08:01 404187                     /usr/lib/x86_64-linux-gnu/libfcitx-gclient.so.0.1
7f6bef404000-7f6bef604000 ---p 0000b000 08:01 404187                     /usr/lib/x86_64-linux-gnu/libfcitx-gclient.so.0.1
7f6bef604000-7f6bef605000 r--p 0000b000 08:01 404187                     /usr/lib/x86_64-linux-gnu/libfcitx-gclient.so.0.1
7f6bef605000-7f6bef606000 rw-p 0000c000 08:01 404187                     /usr/lib/x86_64-linux-gnu/libfcitx-gclient.so.0.1
7f6bef606000-7f6bef643000 r-xp 00000000 08:01 398998                     /usr/lib/x86_64-linux-gnu/libxkbcommon.so.0.0.0
7f6bef643000-7f6bef842000 ---p 0003d000 08:01 398998                     /usr/lib/x86_64-linux-gnu/libxkbcommon.so.0.0.0
7f6bef842000-7f6bef844000 r--p 0003c000 08:01 398998                     /usr/lib/x86_64-linux-gnu/libxkbcommon.so.0.0.0
7f6bef844000-7f6bef845000 rw-p 0003e000 08:01 398998                     /usr/lib/x86_64-linux-gnu/libxkbcommon.so.0.0.0
7f6bef845000-7f6bef846000 r--s 00002000 07:03 705                        /snap/goland/50/plugins/go/lib/go-utils.jar
7f6bef846000-7f6bef847000 r--s 00012000 07:03 703                        /snap/goland/50/plugins/go/lib/go-template-integration.jar
7f6bef847000-7f6bef849000 r--s 00020000 07:03 701                        /snap/goland/50/plugins/go/lib/go-plan9.jar
7f6bef849000-7f6bef84b000 r--s 00020000 07:03 700                        /snap/goland/50/plugins/go/lib/go-ide.jar
7f6bef84b000-7f6bef851000 r--s 0023c000 07:03 383                        /snap/goland/50/plugins/DatabaseTools/lib/resources_en.jar
7f6bef851000-7f6bef85b000 r--s 00048000 07:03 381                        /snap/goland/50/plugins/DatabaseTools/lib/dekaf-single-2.0.0.387.jar
7f6bef85b000-7f6bef862000 r-xp 00000000 08:01 526652                     /usr/lib/x86_64-linux-gnu/gtk-2.0/2.10.0/immodules/im-fcitx.so
7f6bef862000-7f6befa61000 ---p 00007000 08:01 526652                     /usr/lib/x86_64-linux-gnu/gtk-2.0/2.10.0/immodules/im-fcitx.so
7f6befa61000-7f6befa62000 r--p 00006000 08:01 526652                     /usr/lib/x86_64-linux-gnu/gtk-2.0/2.10.0/immodules/im-fcitx.so
7f6befa62000-7f6befa63000 rw-p 00007000 08:01 526652                     /usr/lib/x86_64-linux-gnu/gtk-2.0/2.10.0/immodules/im-fcitx.so
7f6befa63000-7f6befab7000 r--p 00000000 08:01 917403                     /usr/share/fonts/truetype/dejavu/DejaVuSansMono.ttf
7f6befab7000-7f6befb0e000 r--p 00000000 08:01 917535                     /usr/share/fonts/truetype/ubuntu-font-family/Ubuntu-R.ttf
7f6befb0e000-7f6befb14000 r--s 00098000 07:03 382                        /snap/goland/50/plugins/DatabaseTools/lib/jdbc-console.jar
7f6befb14000-7f6befb1f000 r--s 000ac000 07:03 380                        /snap/goland/50/plugins/DatabaseTools/lib/database-openapi.jar
7f6befb1f000-7f6befb22000 ---p 00000000 00:00 0 
7f6befb22000-7f6befe12000 rw-p 00000000 00:00 0 
7f6befe12000-7f6befe20000 ---p 00000000 00:00 0 
7f6befe20000-7f6befe2b000 r--s 00000000 08:01 160333                     /var/cache/fontconfig/945677eb7aeaf62f1d50efc3fb3ec7d8-le64.cache-6
7f6befe2b000-7f6befe31000 r--s 00000000 08:01 160315                     /var/cache/fontconfig/2cd17615ca594fa2959ae173292e504c-le64.cache-6
7f6befe31000-7f6befe32000 r--s 00000000 08:01 160312                     /var/cache/fontconfig/0d8c3b2ac0904cb8a57a757ad11a4a08-le64.cache-6
7f6befe32000-7f6befe47000 r--s 00000000 08:01 160309                     /var/cache/fontconfig/04aabc0a78ac019cf9454389977116d2-le64.cache-6
7f6befe47000-7f6befe48000 r--s 00000000 08:01 160314                     /var/cache/fontconfig/1ac9eb803944fde146138c791f5cc56a-le64.cache-6
7f6befe48000-7f6befe4c000 r--s 00000000 08:01 160319                     /var/cache/fontconfig/385c0604a188198f04d133e54aba7fe7-le64.cache-6
7f6befe4c000-7f6befe4d000 r--s 00000000 08:01 160346                     /var/cache/fontconfig/dc05db6664285cc2f12bf69c139ae4c3-le64.cache-6
7f6befe4d000-7f6befe50000 r--s 00000000 08:01 160329                     /var/cache/fontconfig/767a8244fc0220cfb567a839d0392e0b-le64.cache-6
7f6befe50000-7f6befe51000 r--s 00000000 08:01 154113                     /var/cache/fontconfig/4794a0821666d79190d59a36cb4f44b5-le64.cache-6
7f6befe51000-7f6befe56000 r--s 00000000 08:01 160332                     /var/cache/fontconfig/8801497958630a81b71ace7c5f9b32a8-le64.cache-6
7f6befe56000-7f6befe57000 r--s 00000000 08:01 160339                     /var/cache/fontconfig/bab58bb527bb656aaa9f116d68a48d89-le64.cache-6
7f6befe57000-7f6befe5e000 r--s 00000000 08:01 160316                     /var/cache/fontconfig/3047814df9a2f067bd2d96a2b9c36e5a-le64.cache-6
7f6befe5e000-7f6befe64000 r--s 00000000 08:01 160337                     /var/cache/fontconfig/b47c4e1ecd0709278f4910c18777a504-le64.cache-6
7f6befe64000-7f6befe77000 r--s 00000000 08:01 160343                     /var/cache/fontconfig/d52a8644073d54c13679302ca1180695-le64.cache-6
7f6befe77000-7f6befe7b000 r--s 00000000 08:01 160344                     /var/cache/fontconfig/d589a48862398ed80a3d6066f4f56f4c-le64.cache-6
7f6befe7b000-7f6befe88000 r--s 00000000 08:01 160310                     /var/cache/fontconfig/089dead882dea3570ffc31a9898cfb69-le64.cache-6
7f6befe88000-7f6befe93000 r--s 00000000 08:01 160331                     /var/cache/fontconfig/83bf95040141907cd45bb53cf7c1c148-le64.cache-6
7f6befe93000-7f6befea5000 r--s 00000000 08:01 160335                     /var/cache/fontconfig/9b89f8e3dae116d678bbf48e5f21f69b-le64.cache-6
7f6befea5000-7f6befea9000 r--s 00014000 07:03 384                        /snap/goland/50/plugins/DatabaseTools/lib/unidecode-0.0.7.jar
7f6befea9000-7f6befebb000 r--s 0024a000 07:03 786                        /snap/goland/50/plugins/xpath/lib/xpath.jar
7f6befebb000-7f6befebd000 r--s 00006000 07:03 783                        /snap/goland/50/plugins/xpath/lib/resources_en.jar
7f6befebd000-7f6bf00b6000 rw-p 00000000 00:00 0 
7f6bf00b6000-7f6bf00bd000 ---p 00000000 00:00 0 
7f6bf00bd000-7f6bf00be000 ---p 00000000 00:00 0 
7f6bf00be000-7f6bf08be000 rw-p 00000000 00:00 0 
7f6bf08be000-7f6bf08bf000 ---p 00000000 00:00 0 
7f6bf08bf000-7f6bf10bf000 rw-p 00000000 00:00 0 
7f6bf10bf000-7f6bf10c0000 ---p 00000000 00:00 0 
7f6bf10c0000-7f6bf18c0000 rw-p 00000000 00:00 0 
7f6bf18c0000-7f6bf18cb000 r-xp 00000000 08:01 526447                     /usr/lib/x86_64-linux-gnu/gio/modules/libdconfsettings.so
7f6bf18cb000-7f6bf1acb000 ---p 0000b000 08:01 526447                     /usr/lib/x86_64-linux-gnu/gio/modules/libdconfsettings.so
7f6bf1acb000-7f6bf1acc000 r--p 0000b000 08:01 526447                     /usr/lib/x86_64-linux-gnu/gio/modules/libdconfsettings.so
7f6bf1acc000-7f6bf1acd000 rw-p 0000c000 08:01 526447                     /usr/lib/x86_64-linux-gnu/gio/modules/libdconfsettings.so
7f6bf1acd000-7f6bf1ad4000 r-xp 00000000 08:01 404736                     /usr/lib/x86_64-linux-gnu/libogg.so.0.8.2
7f6bf1ad4000-7f6bf1cd4000 ---p 00007000 08:01 404736                     /usr/lib/x86_64-linux-gnu/libogg.so.0.8.2
7f6bf1cd4000-7f6bf1cd5000 r--p 00007000 08:01 404736                     /usr/lib/x86_64-linux-gnu/libogg.so.0.8.2
7f6bf1cd5000-7f6bf1cd6000 rw-p 00008000 08:01 404736                     /usr/lib/x86_64-linux-gnu/libogg.so.0.8.2
7f6bf1cd6000-7f6bf1d00000 r-xp 00000000 08:01 405100                     /usr/lib/x86_64-linux-gnu/libvorbis.so.0.4.8
7f6bf1d00000-7f6bf1eff000 ---p 0002a000 08:01 405100                     /usr/lib/x86_64-linux-gnu/libvorbis.so.0.4.8
7f6bf1eff000-7f6bf1f00000 r--p 00029000 08:01 405100                     /usr/lib/x86_64-linux-gnu/libvorbis.so.0.4.8
7f6bf1f00000-7f6bf1f01000 rw-p 0002a000 08:01 405100                     /usr/lib/x86_64-linux-gnu/libvorbis.so.0.4.8
7f6bf1f01000-7f6bf1f0a000 r-xp 00000000 08:01 404597                     /usr/lib/x86_64-linux-gnu/libltdl.so.7.3.1
7f6bf1f0a000-7f6bf2109000 ---p 00009000 08:01 404597                     /usr/lib/x86_64-linux-gnu/libltdl.so.7.3.1
7f6bf2109000-7f6bf210a000 r--p 00008000 08:01 404597                     /usr/lib/x86_64-linux-gnu/libltdl.so.7.3.1
7f6bf210a000-7f6bf210b000 rw-p 00009000 08:01 404597                     /usr/lib/x86_64-linux-gnu/libltdl.so.7.3.1
7f6bf210b000-7f6bf211f000 r-xp 00000000 08:01 404989                     /usr/lib/x86_64-linux-gnu/libtdb.so.1.3.8
7f6bf211f000-7f6bf231e000 ---p 00014000 08:01 404989                     /usr/lib/x86_64-linux-gnu/libtdb.so.1.3.8
7f6bf231e000-7f6bf231f000 r--p 00013000 08:01 404989                     /usr/lib/x86_64-linux-gnu/libtdb.so.1.3.8
7f6bf231f000-7f6bf2320000 rw-p 00014000 08:01 404989                     /usr/lib/x86_64-linux-gnu/libtdb.so.1.3.8
7f6bf2320000-7f6bf2327000 r-xp 00000000 08:01 405104                     /usr/lib/x86_64-linux-gnu/libvorbisfile.so.3.3.7
7f6bf2327000-7f6bf2527000 ---p 00007000 08:01 405104                     /usr/lib/x86_64-linux-gnu/libvorbisfile.so.3.3.7
7f6bf2527000-7f6bf2528000 r--p 00007000 08:01 405104                     /usr/lib/x86_64-linux-gnu/libvorbisfile.so.3.3.7
7f6bf2528000-7f6bf2529000 rw-p 00008000 08:01 405104                     /usr/lib/x86_64-linux-gnu/libvorbisfile.so.3.3.7
7f6bf2529000-7f6bf2539000 r-xp 00000000 08:01 403976                     /usr/lib/x86_64-linux-gnu/libcanberra.so.0.2.5
7f6bf2539000-7f6bf2738000 ---p 00010000 08:01 403976                     /usr/lib/x86_64-linux-gnu/libcanberra.so.0.2.5
7f6bf2738000-7f6bf2739000 r--p 0000f000 08:01 403976                     /usr/lib/x86_64-linux-gnu/libcanberra.so.0.2.5
7f6bf2739000-7f6bf273a000 rw-p 00010000 08:01 403976                     /usr/lib/x86_64-linux-gnu/libcanberra.so.0.2.5
7f6bf273a000-7f6bf273e000 r-xp 00000000 08:01 403972                     /usr/lib/x86_64-linux-gnu/libcanberra-gtk.so.0.1.9
7f6bf273e000-7f6bf293d000 ---p 00004000 08:01 403972                     /usr/lib/x86_64-linux-gnu/libcanberra-gtk.so.0.1.9
7f6bf293d000-7f6bf293e000 r--p 00003000 08:01 403972                     /usr/lib/x86_64-linux-gnu/libcanberra-gtk.so.0.1.9
7f6bf293e000-7f6bf293f000 rw-p 00004000 08:01 403972                     /usr/lib/x86_64-linux-gnu/libcanberra-gtk.so.0.1.9
7f6bf293f000-7f6bf2944000 r-xp 00000000 08:01 526667                     /usr/lib/x86_64-linux-gnu/gtk-2.0/modules/libcanberra-gtk-module.so
7f6bf2944000-7f6bf2b43000 ---p 00005000 08:01 526667                     /usr/lib/x86_64-linux-gnu/gtk-2.0/modules/libcanberra-gtk-module.so
7f6bf2b43000-7f6bf2b44000 r--p 00004000 08:01 526667                     /usr/lib/x86_64-linux-gnu/gtk-2.0/modules/libcanberra-gtk-module.so
7f6bf2b44000-7f6bf2b45000 rw-p 00005000 08:01 526667                     /usr/lib/x86_64-linux-gnu/gtk-2.0/modules/libcanberra-gtk-module.so
7f6bf2b45000-7f6bf2b75000 r-xp 00000000 08:01 526648                     /usr/lib/x86_64-linux-gnu/gtk-2.0/2.10.0/engines/libmurrine.so
7f6bf2b75000-7f6bf2d75000 ---p 00030000 08:01 526648                     /usr/lib/x86_64-linux-gnu/gtk-2.0/2.10.0/engines/libmurrine.so
7f6bf2d75000-7f6bf2d76000 r--p 00030000 08:01 526648                     /usr/lib/x86_64-linux-gnu/gtk-2.0/2.10.0/engines/libmurrine.so
7f6bf2d76000-7f6bf2d77000 rw-p 00031000 08:01 526648                     /usr/lib/x86_64-linux-gnu/gtk-2.0/2.10.0/engines/libmurrine.so
7f6bf2d77000-7f6bf2d87000 r-xp 00000000 08:01 405047                     /usr/lib/x86_64-linux-gnu/libunity-gtk2-parser.so.0.0.0
7f6bf2d87000-7f6bf2f87000 ---p 00010000 08:01 405047                     /usr/lib/x86_64-linux-gnu/libunity-gtk2-parser.so.0.0.0
7f6bf2f87000-7f6bf2f88000 r--p 00010000 08:01 405047                     /usr/lib/x86_64-linux-gnu/libunity-gtk2-parser.so.0.0.0
7f6bf2f88000-7f6bf2f89000 rw-p 00011000 08:01 405047                     /usr/lib/x86_64-linux-gnu/libunity-gtk2-parser.so.0.0.0
7f6bf2f89000-7f6bf2f8e000 r-xp 00000000 08:01 526671                     /usr/lib/x86_64-linux-gnu/gtk-2.0/modules/libunity-gtk-module.so
7f6bf2f8e000-7f6bf318d000 ---p 00005000 08:01 526671                     /usr/lib/x86_64-linux-gnu/gtk-2.0/modules/libunity-gtk-module.so
7f6bf318d000-7f6bf318e000 r--p 00004000 08:01 526671                     /usr/lib/x86_64-linux-gnu/gtk-2.0/modules/libunity-gtk-module.so
7f6bf318e000-7f6bf318f000 rw-p 00005000 08:01 526671                     /usr/lib/x86_64-linux-gnu/gtk-2.0/modules/libunity-gtk-module.so
7f6bf318f000-7f6bf31a0000 r-xp 00000000 08:01 526670                     /usr/lib/x86_64-linux-gnu/gtk-2.0/modules/liboverlay-scrollbar.so
7f6bf31a0000-7f6bf33a0000 ---p 00011000 08:01 526670                     /usr/lib/x86_64-linux-gnu/gtk-2.0/modules/liboverlay-scrollbar.so
7f6bf33a0000-7f6bf33a1000 r--p 00011000 08:01 526670                     /usr/lib/x86_64-linux-gnu/gtk-2.0/modules/liboverlay-scrollbar.so
7f6bf33a1000-7f6bf33a2000 rw-p 00012000 08:01 526670                     /usr/lib/x86_64-linux-gnu/gtk-2.0/modules/liboverlay-scrollbar.so
7f6bf33a2000-7f6bf33a3000 r-xp 00000000 08:01 392321                     /usr/lib/x86_64-linux-gnu/libgthread-2.0.so.0.4800.2
7f6bf33a3000-7f6bf35a2000 ---p 00001000 08:01 392321                     /usr/lib/x86_64-linux-gnu/libgthread-2.0.so.0.4800.2
7f6bf35a2000-7f6bf35a3000 r--p 00000000 08:01 392321                     /usr/lib/x86_64-linux-gnu/libgthread-2.0.so.0.4800.2
7f6bf35a3000-7f6bf35a4000 rw-p 00001000 08:01 392321                     /usr/lib/x86_64-linux-gnu/libgthread-2.0.so.0.4800.2
7f6bf35a4000-7f6bf35aa000 r-xp 00000000 08:01 404062                     /usr/lib/x86_64-linux-gnu/libdatrie.so.1.3.3
7f6bf35aa000-7f6bf37aa000 ---p 00006000 08:01 404062                     /usr/lib/x86_64-linux-gnu/libdatrie.so.1.3.3
7f6bf37aa000-7f6bf37ab000 r--p 00006000 08:01 404062                     /usr/lib/x86_64-linux-gnu/libdatrie.so.1.3.3
7f6bf37ab000-7f6bf37ac000 rw-p 00007000 08:01 404062                     /usr/lib/x86_64-linux-gnu/libdatrie.so.1.3.3
7f6bf37ac000-7f6bf37d0000 r-xp 00000000 08:01 404368                     /usr/lib/x86_64-linux-gnu/libgraphite2.so.3.0.1
7f6bf37d0000-7f6bf39cf000 ---p 00024000 08:01 404368                     /usr/lib/x86_64-linux-gnu/libgraphite2.so.3.0.1
7f6bf39cf000-7f6bf39d1000 r--p 00023000 08:01 404368                     /usr/lib/x86_64-linux-gnu/libgraphite2.so.3.0.1
7f6bf39d1000-7f6bf39d2000 rw-p 00025000 08:01 404368                     /usr/lib/x86_64-linux-gnu/libgraphite2.so.3.0.1
7f6bf39d2000-7f6bf39f8000 r-xp 00000000 08:01 1050507                    /lib/x86_64-linux-gnu/libexpat.so.1.6.0
7f6bf39f8000-7f6bf3bf8000 ---p 00026000 08:01 1050507                    /lib/x86_64-linux-gnu/libexpat.so.1.6.0
7f6bf3bf8000-7f6bf3bfa000 r--p 00026000 08:01 1050507                    /lib/x86_64-linux-gnu/libexpat.so.1.6.0
7f6bf3bfa000-7f6bf3bfb000 rw-p 00028000 08:01 1050507                    /lib/x86_64-linux-gnu/libexpat.so.1.6.0
7f6bf3bfb000-7f6bf3c69000 r-xp 00000000 08:01 1050605                    /lib/x86_64-linux-gnu/libpcre.so.3.13.2
7f6bf3c69000-7f6bf3e69000 ---p 0006e000 08:01 1050605                    /lib/x86_64-linux-gnu/libpcre.so.3.13.2
7f6bf3e69000-7f6bf3e6a000 r--p 0006e000 08:01 1050605                    /lib/x86_64-linux-gnu/libpcre.so.3.13.2
7f6bf3e6a000-7f6bf3e6b000 rw-p 0006f000 08:01 1050605                    /lib/x86_64-linux-gnu/libpcre.so.3.13.2
7f6bf3e6b000-7f6bf3e72000 r-xp 00000000 08:01 404193                     /usr/lib/x86_64-linux-gnu/libffi.so.6.0.4
7f6bf3e72000-7f6bf4071000 ---p 00007000 08:01 404193                     /usr/lib/x86_64-linux-gnu/libffi.so.6.0.4
7f6bf4071000-7f6bf4072000 r--p 00006000 08:01 404193                     /usr/lib/x86_64-linux-gnu/libffi.so.6.0.4
7f6bf4072000-7f6bf4073000 rw-p 00007000 08:01 404193                     /usr/lib/x86_64-linux-gnu/libffi.so.6.0.4
7f6bf4073000-7f6bf407b000 r-xp 00000000 08:01 404997                     /usr/lib/x86_64-linux-gnu/libthai.so.0.2.4
7f6bf407b000-7f6bf427a000 ---p 00008000 08:01 404997                     /usr/lib/x86_64-linux-gnu/libthai.so.0.2.4
7f6bf427a000-7f6bf427b000 r--p 00007000 08:01 404997                     /usr/lib/x86_64-linux-gnu/libthai.so.0.2.4
7f6bf427b000-7f6bf427c000 rw-p 00008000 08:01 404997                     /usr/lib/x86_64-linux-gnu/libthai.so.0.2.4
7f6bf427c000-7f6bf42d8000 r-xp 00000000 08:01 404456                     /usr/lib/x86_64-linux-gnu/libharfbuzz.so.0.10000.1
7f6bf42d8000-7f6bf44d8000 ---p 0005c000 08:01 404456                     /usr/lib/x86_64-linux-gnu/libharfbuzz.so.0.10000.1
7f6bf44d8000-7f6bf44d9000 r--p 0005c000 08:01 404456                     /usr/lib/x86_64-linux-gnu/libharfbuzz.so.0.10000.1
7f6bf44d9000-7f6bf44da000 rw-p 0005d000 08:01 404456                     /usr/lib/x86_64-linux-gnu/libharfbuzz.so.0.10000.1
7f6bf44da000-7f6bf44f1000 r-xp 00000000 08:01 1091358                    /lib/x86_64-linux-gnu/libresolv-2.23.so
7f6bf44f1000-7f6bf46f1000 ---p 00017000 08:01 1091358                    /lib/x86_64-linux-gnu/libresolv-2.23.so
7f6bf46f1000-7f6bf46f2000 r--p 00017000 08:01 1091358                    /lib/x86_64-linux-gnu/libresolv-2.23.so
7f6bf46f2000-7f6bf46f3000 rw-p 00018000 08:01 1091358                    /lib/x86_64-linux-gnu/libresolv-2.23.so
7f6bf46f3000-7f6bf46f5000 rw-p 00000000 00:00 0 
7f6bf46f5000-7f6bf4714000 r-xp 00000000 08:01 1050634                    /lib/x86_64-linux-gnu/libselinux.so.1
7f6bf4714000-7f6bf4913000 ---p 0001f000 08:01 1050634                    /lib/x86_64-linux-gnu/libselinux.so.1
7f6bf4913000-7f6bf4914000 r--p 0001e000 08:01 1050634                    /lib/x86_64-linux-gnu/libselinux.so.1
7f6bf4914000-7f6bf4915000 rw-p 0001f000 08:01 1050634                    /lib/x86_64-linux-gnu/libselinux.so.1
7f6bf4915000-7f6bf4917000 rw-p 00000000 00:00 0 
7f6bf4917000-7f6bf491f000 r-xp 00000000 08:01 405213                     /usr/lib/x86_64-linux-gnu/libxcb-render.so.0.0.0
7f6bf491f000-7f6bf4b1f000 ---p 00008000 08:01 405213                     /usr/lib/x86_64-linux-gnu/libxcb-render.so.0.0.0
7f6bf4b1f000-7f6bf4b20000 r--p 00008000 08:01 405213                     /usr/lib/x86_64-linux-gnu/libxcb-render.so.0.0.0
7f6bf4b20000-7f6bf4b21000 rw-p 00009000 08:01 405213                     /usr/lib/x86_64-linux-gnu/libxcb-render.so.0.0.0
7f6bf4b21000-7f6bf4b23000 r-xp 00000000 08:01 405217                     /usr/lib/x86_64-linux-gnu/libxcb-shm.so.0.0.0
7f6bf4b23000-7f6bf4d23000 ---p 00002000 08:01 405217                     /usr/lib/x86_64-linux-gnu/libxcb-shm.so.0.0.0
7f6bf4d23000-7f6bf4d24000 r--p 00002000 08:01 405217                     /usr/lib/x86_64-linux-gnu/libxcb-shm.so.0.0.0
7f6bf4d24000-7f6bf4d25000 rw-p 00003000 08:01 405217                     /usr/lib/x86_64-linux-gnu/libxcb-shm.so.0.0.0
7f6bf4d25000-7f6bf4dc4000 r-xp 00000000 08:01 404792                     /usr/lib/x86_64-linux-gnu/libpixman-1.so.0.33.6
7f6bf4dc4000-7f6bf4fc4000 ---p 0009f000 08:01 404792                     /usr/lib/x86_64-linux-gnu/libpixman-1.so.0.33.6
7f6bf4fc4000-7f6bf4fcc000 r--p 0009f000 08:01 404792                     /usr/lib/x86_64-linux-gnu/libpixman-1.so.0.33.6
7f6bf4fcc000-7f6bf4fcd000 rw-p 000a7000 08:01 404792                     /usr/lib/x86_64-linux-gnu/libpixman-1.so.0.33.6
7f6bf4fcd000-7f6bf4fcf000 r-xp 00000000 08:01 403810                     /usr/lib/x86_64-linux-gnu/libXdamage.so.1.1.0
7f6bf4fcf000-7f6bf51ce000 ---p 00002000 08:01 403810                     /usr/lib/x86_64-linux-gnu/libXdamage.so.1.1.0
7f6bf51ce000-7f6bf51cf000 r--p 00001000 08:01 403810                     /usr/lib/x86_64-linux-gnu/libXdamage.so.1.1.0
7f6bf51cf000-7f6bf51d0000 rw-p 00002000 08:01 403810                     /usr/lib/x86_64-linux-gnu/libXdamage.so.1.1.0
7f6bf51d0000-7f6bf51d2000 r-xp 00000000 08:01 403806                     /usr/lib/x86_64-linux-gnu/libXcomposite.so.1.0.0
7f6bf51d2000-7f6bf53d1000 ---p 00002000 08:01 403806                     /usr/lib/x86_64-linux-gnu/libXcomposite.so.1.0.0
7f6bf53d1000-7f6bf53d2000 r--p 00001000 08:01 403806                     /usr/lib/x86_64-linux-gnu/libXcomposite.so.1.0.0
7f6bf53d2000-7f6bf53d3000 rw-p 00002000 08:01 403806                     /usr/lib/x86_64-linux-gnu/libXcomposite.so.1.0.0
7f6bf53d3000-7f6bf53dd000 r-xp 00000000 08:01 403834                     /usr/lib/x86_64-linux-gnu/libXrandr.so.2.2.0
7f6bf53dd000-7f6bf55dc000 ---p 0000a000 08:01 403834                     /usr/lib/x86_64-linux-gnu/libXrandr.so.2.2.0
7f6bf55dc000-7f6bf55dd000 r--p 00009000 08:01 403834                     /usr/lib/x86_64-linux-gnu/libXrandr.so.2.2.0
7f6bf55dd000-7f6bf55de000 rw-p 0000a000 08:01 403834                     /usr/lib/x86_64-linux-gnu/libXrandr.so.2.2.0
7f6bf55de000-7f6bf55e0000 r-xp 00000000 08:01 403826                     /usr/lib/x86_64-linux-gnu/libXinerama.so.1.0.0
7f6bf55e0000-7f6bf57df000 ---p 00002000 08:01 403826                     /usr/lib/x86_64-linux-gnu/libXinerama.so.1.0.0
7f6bf57df000-7f6bf57e0000 r--p 00001000 08:01 403826                     /usr/lib/x86_64-linux-gnu/libXinerama.so.1.0.0
7f6bf57e0000-7f6bf57e1000 rw-p 00002000 08:01 403826                     /usr/lib/x86_64-linux-gnu/libXinerama.so.1.0.0
7f6bf57e1000-7f6bf581e000 r-xp 00000000 08:01 404207                     /usr/lib/x86_64-linux-gnu/libfontconfig.so.1.9.0
7f6bf581e000-7f6bf5a1d000 ---p 0003d000 08:01 404207                     /usr/lib/x86_64-linux-gnu/libfontconfig.so.1.9.0
7f6bf5a1d000-7f6bf5a1f000 r--p 0003c000 08:01 404207                     /usr/lib/x86_64-linux-gnu/libfontconfig.so.1.9.0
7f6bf5a1f000-7f6bf5a24000 rw-p 0003e000 08:01 404207                     /usr/lib/x86_64-linux-gnu/libfontconfig.so.1.9.0
7f6bf5a24000-7f6bf5b33000 r-xp 00000000 08:01 1050027                    /lib/x86_64-linux-gnu/libglib-2.0.so.0.4800.2
7f6bf5b33000-7f6bf5d32000 ---p 0010f000 08:01 1050027                    /lib/x86_64-linux-gnu/libglib-2.0.so.0.4800.2
7f6bf5d32000-7f6bf5d33000 r--p 0010e000 08:01 1050027                    /lib/x86_64-linux-gnu/libglib-2.0.so.0.4800.2
7f6bf5d33000-7f6bf5d34000 rw-p 0010f000 08:01 1050027                    /lib/x86_64-linux-gnu/libglib-2.0.so.0.4800.2
7f6bf5d34000-7f6bf5d35000 rw-p 00000000 00:00 0 
7f6bf5d35000-7f6bf5d87000 r-xp 00000000 08:01 392297                     /usr/lib/x86_64-linux-gnu/libgobject-2.0.so.0.4800.2
7f6bf5d87000-7f6bf5f86000 ---p 00052000 08:01 392297                     /usr/lib/x86_64-linux-gnu/libgobject-2.0.so.0.4800.2
7f6bf5f86000-7f6bf5f87000 r--p 00051000 08:01 392297                     /usr/lib/x86_64-linux-gnu/libgobject-2.0.so.0.4800.2
7f6bf5f87000-7f6bf5f88000 rw-p 00052000 08:01 392297                     /usr/lib/x86_64-linux-gnu/libgobject-2.0.so.0.4800.2
7f6bf5f88000-7f6bf5fd1000 r-xp 00000000 08:01 404762                     /usr/lib/x86_64-linux-gnu/libpango-1.0.so.0.3800.1
7f6bf5fd1000-7f6bf61d1000 ---p 00049000 08:01 404762                     /usr/lib/x86_64-linux-gnu/libpango-1.0.so.0.3800.1
7f6bf61d1000-7f6bf61d3000 r--p 00049000 08:01 404762                     /usr/lib/x86_64-linux-gnu/libpango-1.0.so.0.3800.1
7f6bf61d3000-7f6bf61d4000 rw-p 0004b000 08:01 404762                     /usr/lib/x86_64-linux-gnu/libpango-1.0.so.0.3800.1
7f6bf61d4000-7f6bf61e8000 r-xp 00000000 08:01 404766                     /usr/lib/x86_64-linux-gnu/libpangoft2-1.0.so.0.3800.1
7f6bf61e8000-7f6bf63e8000 ---p 00014000 08:01 404766                     /usr/lib/x86_64-linux-gnu/libpangoft2-1.0.so.0.3800.1
7f6bf63e8000-7f6bf63e9000 r--p 00014000 08:01 404766                     /usr/lib/x86_64-linux-gnu/libpangoft2-1.0.so.0.3800.1
7f6bf63e9000-7f6bf63ea000 rw-p 00015000 08:01 404766                     /usr/lib/x86_64-linux-gnu/libpangoft2-1.0.so.0.3800.1
7f6bf63ea000-7f6bf656a000 r-xp 00000000 08:01 392318                     /usr/lib/x86_64-linux-gnu/libgio-2.0.so.0.4800.2
7f6bf656a000-7f6bf676a000 ---p 00180000 08:01 392318                     /usr/lib/x86_64-linux-gnu/libgio-2.0.so.0.4800.2
7f6bf676a000-7f6bf676e000 r--p 00180000 08:01 392318                     /usr/lib/x86_64-linux-gnu/libgio-2.0.so.0.4800.2
7f6bf676e000-7f6bf6770000 rw-p 00184000 08:01 392318                     /usr/lib/x86_64-linux-gnu/libgio-2.0.so.0.4800.2
7f6bf6770000-7f6bf6772000 rw-p 00000000 00:00 0 
7f6bf6772000-7f6bf6793000 r-xp 00000000 08:01 392332                     /usr/lib/x86_64-linux-gnu/libgdk_pixbuf-2.0.so.0.3200.2
7f6bf6793000-7f6bf6992000 ---p 00021000 08:01 392332                     /usr/lib/x86_64-linux-gnu/libgdk_pixbuf-2.0.so.0.3200.2
7f6bf6992000-7f6bf6993000 r--p 00020000 08:01 392332                     /usr/lib/x86_64-linux-gnu/libgdk_pixbuf-2.0.so.0.3200.2
7f6bf6993000-7f6bf6994000 rw-p 00021000 08:01 392332                     /usr/lib/x86_64-linux-gnu/libgdk_pixbuf-2.0.so.0.3200.2
7f6bf6994000-7f6bf6aa2000 r-xp 00000000 08:01 403964                     /usr/lib/x86_64-linux-gnu/libcairo.so.2.11400.6
7f6bf6aa2000-7f6bf6ca2000 ---p 0010e000 08:01 403964                     /usr/lib/x86_64-linux-gnu/libcairo.so.2.11400.6
7f6bf6ca2000-7f6bf6ca5000 r--p 0010e000 08:01 403964                     /usr/lib/x86_64-linux-gnu/libcairo.so.2.11400.6
7f6bf6ca5000-7f6bf6ca6000 rw-p 00111000 08:01 403964                     /usr/lib/x86_64-linux-gnu/libcairo.so.2.11400.6
7f6bf6ca6000-7f6bf6ca8000 rw-p 00000000 00:00 0 
7f6bf6ca8000-7f6bf6cca000 r-xp 00000000 08:01 403907                     /usr/lib/x86_64-linux-gnu/libatk-1.0.so.0.21809.1
7f6bf6cca000-7f6bf6ec9000 ---p 00022000 08:01 403907                     /usr/lib/x86_64-linux-gnu/libatk-1.0.so.0.21809.1
7f6bf6ec9000-7f6bf6ecc000 r--p 00021000 08:01 403907                     /usr/lib/x86_64-linux-gnu/libatk-1.0.so.0.21809.1
7f6bf6ecc000-7f6bf6ecd000 rw-p 00024000 08:01 403907                     /usr/lib/x86_64-linux-gnu/libatk-1.0.so.0.21809.1
7f6bf6ecd000-7f6bf6ed9000 r-xp 00000000 08:01 404764                     /usr/lib/x86_64-linux-gnu/libpangocairo-1.0.so.0.3800.1
7f6bf6ed9000-7f6bf70d8000 ---p 0000c000 08:01 404764                     /usr/lib/x86_64-linux-gnu/libpangocairo-1.0.so.0.3800.1
7f6bf70d8000-7f6bf70d9000 r--p 0000b000 08:01 404764                     /usr/lib/x86_64-linux-gnu/libpangocairo-1.0.so.0.3800.1
7f6bf70d9000-7f6bf70da000 rw-p 0000c000 08:01 404764                     /usr/lib/x86_64-linux-gnu/libpangocairo-1.0.so.0.3800.1
7f6bf70da000-7f6bf70dd000 r-xp 00000000 08:01 392273                     /usr/lib/x86_64-linux-gnu/libgmodule-2.0.so.0.4800.2
7f6bf70dd000-7f6bf72dc000 ---p 00003000 08:01 392273                     /usr/lib/x86_64-linux-gnu/libgmodule-2.0.so.0.4800.2
7f6bf72dc000-7f6bf72dd000 r--p 00002000 08:01 392273                     /usr/lib/x86_64-linux-gnu/libgmodule-2.0.so.0.4800.2
7f6bf72dd000-7f6bf72de000 rw-p 00003000 08:01 392273                     /usr/lib/x86_64-linux-gnu/libgmodule-2.0.so.0.4800.2
7f6bf72de000-7f6bf738e000 r-xp 00000000 08:01 404280                     /usr/lib/x86_64-linux-gnu/libgdk-x11-2.0.so.0.2400.30
7f6bf738e000-7f6bf758d000 ---p 000b0000 08:01 404280                     /usr/lib/x86_64-linux-gnu/libgdk-x11-2.0.so.0.2400.30
7f6bf758d000-7f6bf7591000 r--p 000af000 08:01 404280                     /usr/lib/x86_64-linux-gnu/libgdk-x11-2.0.so.0.2400.30
7f6bf7591000-7f6bf7593000 rw-p 000b3000 08:01 404280                     /usr/lib/x86_64-linux-gnu/libgdk-x11-2.0.so.0.2400.30
7f6bf7593000-7f6bf79d1000 r-xp 00000000 08:01 404425                     /usr/lib/x86_64-linux-gnu/libgtk-x11-2.0.so.0.2400.30
7f6bf79d1000-7f6bf7bd0000 ---p 0043e000 08:01 404425                     /usr/lib/x86_64-linux-gnu/libgtk-x11-2.0.so.0.2400.30
7f6bf7bd0000-7f6bf7bd7000 r--p 0043d000 08:01 404425                     /usr/lib/x86_64-linux-gnu/libgtk-x11-2.0.so.0.2400.30
7f6bf7bd7000-7f6bf7bdb000 rw-p 00444000 08:01 404425                     /usr/lib/x86_64-linux-gnu/libgtk-x11-2.0.so.0.2400.30
7f6bf7bdb000-7f6bf7bde000 rw-p 00000000 00:00 0 
7f6bf7bde000-7f6bf7bf6000 r-xp 00000000 08:01 2618                       /home/crowix/.GoLand2019.1/system/tmp/jna4634396214227869618.tmp (deleted)
7f6bf7bf6000-7f6bf7df6000 ---p 00018000 08:01 2618                       /home/crowix/.GoLand2019.1/system/tmp/jna4634396214227869618.tmp (deleted)
7f6bf7df6000-7f6bf7df7000 rw-p 00018000 08:01 2618                       /home/crowix/.GoLand2019.1/system/tmp/jna4634396214227869618.tmp (deleted)
7f6bf7df7000-7f6bf7e00000 r-xp 00000000 07:03 78                         /snap/goland/50/jre64/lib/amd64/libmanagement.so
7f6bf7e00000-7f6bf7fff000 ---p 00009000 07:03 78                         /snap/goland/50/jre64/lib/amd64/libmanagement.so
7f6bf7fff000-7f6bf8000000 rw-p 00008000 07:03 78                         /snap/goland/50/jre64/lib/amd64/libmanagement.so
7f6bf8000000-7f6bf804e000 rw-p 00000000 00:00 0 
7f6bf804e000-7f6bfc000000 ---p 00000000 00:00 0 
7f6bfc000000-7f6bfc001000 r--s 00000000 08:01 160323                     /var/cache/fontconfig/56cf4f4769d0f4abc89a4895d7bd3ae1-le64.cache-6
7f6bfc001000-7f6bfc002000 r--s 00000000 08:01 160338                     /var/cache/fontconfig/b9d506c9ac06c20b433354fa67a72993-le64.cache-6
7f6bfc002000-7f6bfc003000 r--s 00000000 08:01 160322                     /var/cache/fontconfig/551ecf3b0e8b0bca0f25c0944f561853-le64.cache-6
7f6bfc003000-7f6bfc004000 r--s 00000000 08:01 160317                     /var/cache/fontconfig/30829fa25452a46451e813d634d7f916-le64.cache-6
7f6bfc004000-7f6bfc005000 r--s 00000000 08:01 160311                     /var/cache/fontconfig/0c9eb80ebd1c36541ebe2852d3bb0c49-le64.cache-6
7f6bfc005000-7f6bfc008000 r--s 00000000 08:01 160328                     /var/cache/fontconfig/75114ca45c98e8a441da0ff356701271-le64.cache-6
7f6bfc008000-7f6bfc00b000 r--s 00000000 08:01 160347                     /var/cache/fontconfig/e13b20fdb08344e0e664864cc2ede53d-le64.cache-6
7f6bfc00b000-7f6bfc00f000 r--s 00000000 08:01 154117                     /var/cache/fontconfig/7ef2298fde41cc6eeb7af42e48b7d293-le64.cache-6
7f6bfc00f000-7f6bfc012000 r--p 00000000 08:01 1093362                    /home/crowix/.config/dconf/user (deleted)
7f6bfc012000-7f6bfc013000 r--s 00000000 00:30 36                         /run/user/1000/snap.goland/dconf/user
7f6bfc013000-7f6bfc059000 r--p 00000000 08:01 671034                     /usr/share/glib-2.0/schemas/gschemas.compiled
7f6bfc059000-7f6bfc070000 r--p 00000000 08:01 664426                     /usr/share/locale-langpack/zh_CN/LC_MESSAGES/glib20.mo
7f6bfc070000-7f6bfc095000 r--p 00000000 08:01 664472                     /usr/share/locale-langpack/zh_CN/LC_MESSAGES/gtk20-properties.mo
7f6bfc095000-7f6bfc0a3000 r--p 00000000 08:01 664473                     /usr/share/locale-langpack/zh_CN/LC_MESSAGES/gtk20.mo
7f6bfc0a3000-7f6bfc0b5000 r--s 00345000 07:03 165                        /snap/goland/50/jre64/lib/resources.jar
7f6bfc0b5000-7f6bfc2ae000 rw-p 00000000 00:00 0 
7f6bfc2ae000-7f6bfc2b5000 ---p 00000000 00:00 0 
7f6bfc2b5000-7f6bfc4b5000 rw-p 00000000 00:00 0 
7f6bfc4b5000-7f6bfc4b8000 ---p 00000000 00:00 0 
7f6bfc4b8000-7f6bfc7b6000 rw-p 00000000 00:00 0 
7f6bfc7b6000-7f6bfc7b7000 r--s 00010000 07:03 120                        /snap/goland/50/jre64/lib/ext/zipfs.jar
7f6bfc7b7000-7f6bfc7ba000 r--s 00039000 07:03 119                        /snap/goland/50/jre64/lib/ext/sunpkcs11.jar
7f6bfc7ba000-7f6bfc7d5000 r--s 001d6000 07:03 116                        /snap/goland/50/jre64/lib/ext/nashorn.jar
7f6bfc7d5000-7f6bfc7df000 r--s 00116000 07:03 114                        /snap/goland/50/jre64/lib/ext/localedata.jar
7f6bfc7df000-7f6bfc7e0000 r--s 0000a000 07:03 112                        /snap/goland/50/jre64/lib/ext/jaccess.jar
7f6bfc7e0000-7f6bfc7e2000 r--s 00001000 07:03 111                        /snap/goland/50/jre64/lib/ext/dnsns.jar
7f6bfc7e2000-7f6bfc7fe000 r--s 00393000 07:03 110                        /snap/goland/50/jre64/lib/ext/cldrdata.jar
7f6bfc7fe000-7f6bfc801000 r--s 0001d000 07:03 332                        /snap/goland/50/lib/yjp-controller-api-redist.jar
7f6bfc801000-7f6bfc805000 r--s 00017000 07:03 331                        /snap/goland/50/lib/xz-1.8.jar
7f6bfc805000-7f6bfc813000 r--s 00082000 07:03 330                        /snap/goland/50/lib/xstream-1.4.10.jar
7f6bfc813000-7f6bfc815000 r--s 00005000 07:03 329                        /snap/goland/50/lib/xpp3_min-1.1.4c.jar
7f6bfc815000-7f6bfc818000 r--s 0001a000 07:03 328                        /snap/goland/50/lib/xmlrpc-2.0.1.jar
7f6bfc818000-7f6bfc819000 r--s 00001000 07:03 327                        /snap/goland/50/lib/xmlpull-1.1.3.1.jar
7f6bfc819000-7f6bfc824000 r--s 00099000 07:03 326                        /snap/goland/50/lib/xmlgraphics-commons-2.3.jar
7f6bfc824000-7f6bfc862000 r--s 0025d000 07:03 325                        /snap/goland/50/lib/xmlbeans-2.6.0.jar
7f6bfc862000-7f6bfc864000 r--s 00013000 07:03 324                        /snap/goland/50/lib/xml-resolver-1.2.jar
7f6bfc864000-7f6bfc869000 r--s 00010000 07:03 323                        /snap/goland/50/lib/xml-apis-ext-1.3.04.jar
7f6bfc869000-7f6bfc882000 r--s 0013a000 07:03 322                        /snap/goland/50/lib/xercesImpl-2.12.0.jar
7f6bfc882000-7f6bfc883000 r--s 00036000 07:03 321                        /snap/goland/50/lib/winp-1.28.jar
7f6bfc883000-7f6bfc88b000 r--s 00066000 07:03 320                        /snap/goland/50/lib/velocity-1.7.jar
7f6bfc88b000-7f6bfc88e000 r--s 0000f000 07:03 318                        /snap/goland/50/lib/txw2-2.3.1.jar
7f6bfc88e000-7f6bfc894000 r--s 00049000 07:03 316                        /snap/goland/50/lib/trilead-ssh2-build-217-jenkins-11.jar
7f6bfc894000-7f6bfc8a3000 r--s 0006b000 07:03 315                        /snap/goland/50/lib/trang-core.jar
7f6bfc8a3000-7f6bfc8be000 r--s 00147000 07:03 314                        /snap/goland/50/lib/swingx-core-1.6.2-2.jar
7f6bfc8be000-7f6bfc8c2000 r--s 00046000 07:03 313                        /snap/goland/50/lib/streamex-0.6.7.jar
7f6bfc8c2000-7f6bfc8c4000 r--s 00005000 07:03 311                        /snap/goland/50/lib/stax-api-1.0.1.jar
7f6bfc8c4000-7f6bfc8cb000 r--s 00043000 07:03 310                        /snap/goland/50/lib/snakeyaml-1.23.jar
7f6bfc8cb000-7f6bfc8cd000 r--s 00009000 07:03 308                        /snap/goland/50/lib/slf4j-api-1.7.25.jar
7f6bfc8cd000-7f6bfc8d4000 r--s 00043000 07:03 306                        /snap/goland/50/lib/rngom-20051226-patched.jar
7f6bfc8d4000-7f6bfc8ee000 r--s 0259e000 07:03 304                        /snap/goland/50/lib/resources_en.jar
7f6bfc8ee000-7f6bfcaee000 rw-p 00000000 00:00 0 
7f6bfcaee000-7f6bfcaf1000 ---p 00000000 00:00 0 
7f6bfcaf1000-7f6bfcbef000 rw-p 00000000 00:00 0 
7f6bfcbef000-7f6bfcbf4000 r-xp 00000000 08:01 403816                     /usr/lib/x86_64-linux-gnu/libXfixes.so.3.1.0
7f6bfcbf4000-7f6bfcdf3000 ---p 00005000 08:01 403816                     /usr/lib/x86_64-linux-gnu/libXfixes.so.3.1.0
7f6bfcdf3000-7f6bfcdf4000 r--p 00004000 08:01 403816                     /usr/lib/x86_64-linux-gnu/libXfixes.so.3.1.0
7f6bfcdf4000-7f6bfcdf5000 rw-p 00005000 08:01 403816                     /usr/lib/x86_64-linux-gnu/libXfixes.so.3.1.0
7f6bfcdf5000-7f6bfcdfe000 r-xp 00000000 08:01 398994                     /usr/lib/x86_64-linux-gnu/libXcursor.so.1.0.2
7f6bfcdfe000-7f6bfcffd000 ---p 00009000 08:01 398994                     /usr/lib/x86_64-linux-gnu/libXcursor.so.1.0.2
7f6bfcffd000-7f6bfcffe000 r--p 00008000 08:01 398994                     /usr/lib/x86_64-linux-gnu/libXcursor.so.1.0.2
7f6bfcffe000-7f6bfcfff000 rw-p 00009000 08:01 398994                     /usr/lib/x86_64-linux-gnu/libXcursor.so.1.0.2
7f6bfcfff000-7f6c00000000 rw-p 00000000 00:00 0 
7f6c00000000-7f6c00021000 rw-p 00000000 00:00 0 
7f6c00021000-7f6c04000000 ---p 00000000 00:00 0 
7f6c04000000-7f6c05ca6000 rw-p 00000000 0